[0717/202309.433:ERROR:process_info.cc(625)] range at 0x3471391c00000000, size 0x244 fully unreadable
[0717/202309.434:ERROR:process_info.cc(625)] range at 0x3471398200000000, size 0x244 fully unreadable
[0717/202309.434:ERROR:process_info.cc(625)] range at 0x0, size 0x244 fully unreadable
[0717/202309.442:ERROR:process_reader_win.cc(233)] ReadMemory at 0x7fff565f0000 of 64 bytes failed: 仅完成部分的 ReadProcessMemory 或 WriteProcessMemory 请求。 (0x12B)
[0717/202309.442:WARNING:pe_image_reader.cc(281)] could not read dos header from C:\WINDOWS\SYSTEM32\NETAPI32.dll
[0717/202309.442:ERROR:process_reader_win.cc(233)] ReadMemory at 0x7fff611e0000 of 64 bytes failed: 仅完成部分的 ReadProcessMemory 或 WriteProcessMemory 请求。 (0x12B)
[0717/202309.443:WARNING:pe_image_reader.cc(281)] could not read dos header from C:\WINDOWS\SYSTEM32\WKSCLI.DLL
[0717/202309.443:ERROR:process_reader_win.cc(233)] ReadMemory at 0x7fff66d70000 of 64 bytes failed: 仅完成部分的 ReadProcessMemory 或 WriteProcessMemory 请求。 (0x12B)
[0717/202309.443:WARNING:pe_image_reader.cc(281)] could not read dos header from C:\WINDOWS\SYSTEM32\NETUTILS.DLL
[0717/202309.443:ERROR:process_reader_win.cc(233)] ReadMemory at 0x7fff67600000 of 64 bytes failed: 仅完成部分的 ReadProcessMemory 或 WriteProcessMemory 请求。 (0x12B)
[0717/202309.443:WARNING:pe_image_reader.cc(281)] could not read dos header from C:\WINDOWS\System32\MSASN1.dll
[0717/202309.443:ERROR:process_reader_win.cc(233)] ReadMemory at 0x7fff67740000 of 64 bytes failed: 仅完成部分的 ReadProcessMemory 或 WriteProcessMemory 请求。 (0x12B)
[0717/202309.443:WARNING:pe_image_reader.cc(281)] could not read dos header from C:\WINDOWS\System32\WINTRUST.DLL
[0717/202309.443:ERROR:process_reader_win.cc(233)] ReadMemory at 0x7fff670b0000 of 64 bytes failed: 仅完成部分的 ReadProcessMemory 或 WriteProcessMemory 请求。 (0x12B)
[0717/202309.443:WARNING:pe_image_reader.cc(281)] could not read dos header from C:\WINDOWS\SYSTEM32\CRYPTSP.dll
[0717/202309.443:ERROR:process_reader_win.cc(233)] ReadMemory at 0x7fff66b10000 of 64 bytes failed: 仅完成部分的 ReadProcessMemory 或 WriteProcessMemory 请求。 (0x12B)
[0717/202309.443:WARNING:pe_image_reader.cc(281)] could not read dos header from C:\WINDOWS\system32\rsaenh.dll
[0717/202309.443:ERROR:process_reader_win.cc(233)] ReadMemory at 0x7fff5d800000 of 64 bytes failed: 仅完成部分的 ReadProcessMemory 或 WriteProcessMemory 请求。 (0x12B)
[0717/202309.443:WARNING:pe_image_reader.cc(281)] could not read dos header from C:\WINDOWS\WinSxS\amd64_microsoft.windows.common-controls_6595b64144ccf1df_6.0.14393.447_none_42191651c6827bb3\COMCTL32.dll
[0717/202309.445:ERROR:process_reader_win.cc(233)] ReadMemory at 0x7fff6a5fb854 of 37 bytes failed: 仅完成部分的 ReadProcessMemory 或 WriteProcessMemory 请求。 (0x12B)
[0717/202309.445:WARNING:pe_image_reader.cc(155)] could not read debug directory from C:\WINDOWS\System32\COMDLG32.dll
[0717/202309.445:ERROR:process_reader_win.cc(233)] ReadMemory at 0x7fff61de0000 of 64 bytes failed: 仅完成部分的 ReadProcessMemory 或 WriteProcessMemory 请求。 (0x12B)
[0717/202309.445:WARNING:pe_image_reader.cc(281)] could not read dos header from C:\WINDOWS\SYSTEM32\dbghelp.dll
[0717/202309.445:ERROR:process_reader_win.cc(233)] ReadMemory at 0x7fff51a30000 of 64 bytes failed: 仅完成部分的 ReadProcessMemory 或 WriteProcessMemory 请求。 (0x12B)
[0717/202309.445:WARNING:pe_image_reader.cc(281)] could not read dos header from C:\WINDOWS\SYSTEM32\USP10.dll
[0717/202309.445:ERROR:process_reader_win.cc(233)] ReadMemory at 0x7fff61090000 of 64 bytes failed: 仅完成部分的 ReadProcessMemory 或 WriteProcessMemory 请求。 (0x12B)
[0717/202309.445:WARNING:pe_image_reader.cc(281)] could not read dos header from C:\WINDOWS\SYSTEM32\WINSPOOL.DRV
[0717/202309.445:ERROR:process_reader_win.cc(233)] ReadMemory at 0x7fff66c90000 of 64 bytes failed: 仅完成部分的 ReadProcessMemory 或 WriteProcessMemory 请求。 (0x12B)
[0717/202309.445:WARNING:pe_image_reader.cc(281)] could not read dos header from C:\WINDOWS\SYSTEM32\IPHLPAPI.DLL
[0717/202309.445:ERROR:process_reader_win.cc(233)] ReadMemory at 0x7fff63da0000 of 64 bytes failed: 仅完成部分的 ReadProcessMemory 或 WriteProcessMemory 请求。 (0x12B)
[0717/202309.445:WARNING:pe_image_reader.cc(281)] could not read dos header from C:\WINDOWS\SYSTEM32\Secur32.dll
[0717/202309.445:ERROR:process_reader_win.cc(233)] ReadMemory at 0x7fff5cbb0000 of 64 bytes failed: 仅完成部分的 ReadProcessMemory 或 WriteProcessMemory 请求。 (0x12B)
[0717/202309.445:WARNING:pe_image_reader.cc(281)] could not read dos header from C:\WINDOWS\SYSTEM32\DWrite.dll
[0717/202309.445:ERROR:process_reader_win.cc(233)] ReadMemory at 0x7fff29660000 of 64 bytes failed: 仅完成部分的 ReadProcessMemory 或 WriteProcessMemory 请求。 (0x12B)
[0717/202309.445:WARNING:pe_image_reader.cc(281)] could not read dos header from C:\Program Files (x86)\Google\Chrome\Application\58.0.3029.110\chrome_child.dll
[0717/202309.445:ERROR:process_reader_win.cc(233)] ReadMemory at 0x7fff6b2f2f98 of 8 bytes failed: 仅完成部分的 ReadProcessMemory 或 WriteProcessMemory 请求。 (0x12B)
[0717/202309.445:ERROR:process_snapshot_win.cc(301)] failed to read target address
[0717/202309.445:ERROR:process_reader_win.cc(233)] ReadMemory at 0x7ff7b6be0000 of 64 bytes failed: 仅完成部分的 ReadProcessMemory 或 WriteProcessMemory 请求。 (0x12B)
[0717/202309.445:WARNING:pe_image_reader.cc(281)] could not read dos header from C:\Program Files (x86)\Google\Chrome\Application\chrome.exe
[0717/202309.445:ERROR:process_reader_win.cc(233)] ReadMemory at 0x7fff6b1a0000 of 64 bytes failed: 仅完成部分的 ReadProcessMemory 或 WriteProcessMemory 请求。 (0x12B)
[0717/202309.446:WARNING:pe_image_reader.cc(281)] could not read dos header from C:\WINDOWS\SYSTEM32\ntdll.dll
[0717/202309.446:ERROR:process_reader_win.cc(233)] ReadMemory at 0x7fff68510000 of 64 bytes failed: 仅完成部分的 ReadProcessMemory 或 WriteProcessMemory 请求。 (0x12B)
[0717/202309.446:WARNING:pe_image_reader.cc(281)] could not read dos header from C:\WINDOWS\System32\KERNELBASE.dll
[0717/202309.446:ERROR:process_reader_win.cc(233)] ReadMemory at 0x7fff6a660000 of 64 bytes failed: 仅完成部分的 ReadProcessMemory 或 WriteProcessMemory 请求。 (0x12B)
[0717/202309.446:WARNING:pe_image_reader.cc(281)] could not read dos header from C:\WINDOWS\System32\KERNEL32.DLL
[0717/202309.446:ERROR:process_reader_win.cc(233)] ReadMemory at 0x7fff65b80000 of 64 bytes failed: 仅完成部分的 ReadProcessMemory 或 WriteProcessMemory 请求。 (0x12B)
[0717/202309.446:WARNING:pe_image_reader.cc(281)] could not read dos header from C:\WINDOWS\system32\apphelp.dll
[0717/202309.446:ERROR:process_reader_win.cc(233)] ReadMemory at 0x7fff4c530000 of 64 bytes failed: 仅完成部分的 ReadProcessMemory 或 WriteProcessMemory 请求。 (0x12B)
[0717/202309.446:WARNING:pe_image_reader.cc(281)] could not read dos header from C:\WINDOWS\AppPatch\AppPatch64\AcGenral.dll
[0717/202309.446:ERROR:process_reader_win.cc(233)] ReadMemory at 0x7fff6abc0000 of 64 bytes failed: 仅完成部分的 ReadProcessMemory 或 WriteProcessMemory 请求。 (0x12B)
[0717/202309.446:WARNING:pe_image_reader.cc(281)] could not read dos header from C:\WINDOWS\System32\msvcrt.dll
[0717/202309.446:ERROR:process_reader_win.cc(233)] ReadMemory at 0x7fff69ed0000 of 64 bytes failed: 仅完成部分的 ReadProcessMemory 或 WriteProcessMemory 请求。 (0x12B)
[0717/202309.446:WARNING:pe_image_reader.cc(281)] could not read dos header from C:\WINDOWS\System32\RPCRT4.dll
[0717/202309.446:ERROR:process_reader_win.cc(233)] ReadMemory at 0x7fff6b0f0000 of 64 bytes failed: 仅完成部分的 ReadProcessMemory 或 WriteProcessMemory 请求。 (0x12B)
[0717/202309.446:WARNING:pe_image_reader.cc(281)] could not read dos header from C:\WINDOWS\System32\sechost.dll
[0717/202309.446:ERROR:process_reader_win.cc(233)] ReadMemory at 0x7fff672d0000 of 64 bytes failed: 仅完成部分的 ReadProcessMemory 或 WriteProcessMemory 请求。 (0x12B)
[0717/202309.446:WARNING:pe_image_reader.cc(281)] could not read dos header from C:\WINDOWS\SYSTEM32\SspiCli.dll
[0717/202309.446:ERROR:process_reader_win.cc(233)] ReadMemory at 0x7fff677a0000 of 64 bytes failed: 仅完成部分的 ReadProcessMemory 或 WriteProcessMemory 请求。 (0x12B)
[0717/202309.446:WARNING:pe_image_reader.cc(281)] could not read dos header from C:\WINDOWS\System32\ucrtbase.dll
[0717/202309.446:ERROR:process_reader_win.cc(233)] ReadMemory at 0x7fff68260000 of 64 bytes failed: 仅完成部分的 ReadProcessMemory 或 WriteProcessMemory 请求。 (0x12B)
[0717/202309.446:WARNING:pe_image_reader.cc(281)] could not read dos header from C:\WINDOWS\System32\bcryptPrimitives.dll
[0717/202309.446:ERROR:process_reader_win.cc(233)] ReadMemory at 0x7fff6a730000 of 64 bytes failed: 仅完成部分的 ReadProcessMemory 或 WriteProcessMemory 请求。 (0x12B)
[0717/202309.446:WARNING:pe_image_reader.cc(281)] could not read dos header from C:\WINDOWS\System32\combase.dll
[0717/202309.446:ERROR:process_reader_win.cc(233)] ReadMemory at 0x7fff684f0000 of 64 bytes failed: 仅完成部分的 ReadProcessMemory 或 WriteProcessMemory 请求。 (0x12B)
[0717/202309.446:WARNING:pe_image_reader.cc(281)] could not read dos header from C:\WINDOWS\System32\win32u.dll
[0717/202309.446:ERROR:process_reader_win.cc(233)] ReadMemory at 0x7fff69d60000 of 64 bytes failed: 仅完成部分的 ReadProcessMemory 或 WriteProcessMemory 请求。 (0x12B)
[0717/202309.446:WARNING:pe_image_reader.cc(281)] could not read dos header from C:\WINDOWS\System32\USER32.dll
[0717/202309.446:ERROR:process_reader_win.cc(233)] ReadMemory at 0x7fff68030000 of 64 bytes failed: 仅完成部分的 ReadProcessMemory 或 WriteProcessMemory 请求。 (0x12B)
[0717/202309.446:WARNING:pe_image_reader.cc(281)] could not read dos header from C:\WINDOWS\System32\gdi32full.dll
[0717/202309.446:ERROR:process_reader_win.cc(233)] ReadMemory at 0x7fff6aa10000 of 64 bytes failed: 仅完成部分的 ReadProcessMemory 或 WriteProcessMemory 请求。 (0x12B)
[0717/202309.446:WARNING:pe_image_reader.cc(281)] could not read dos header from C:\WINDOWS\System32\GDI32.dll
[0717/202309.447:ERROR:process_reader_win.cc(233)] ReadMemory at 0x7fff6b150000 of 64 bytes failed: 仅完成部分的 ReadProcessMemory 或 WriteProcessMemory 请求。 (0x12B)
[0717/202309.447:WARNING:pe_image_reader.cc(281)] could not read dos header from C:\WINDOWS\System32\IMM32.DLL
[0717/202309.447:ERROR:process_reader_win.cc(233)] ReadMemory at 0x7fff6ab60000 of 64 bytes failed: 仅完成部分的 ReadProcessMemory 或 WriteProcessMemory 请求。 (0x12B)
[0717/202309.447:WARNING:pe_image_reader.cc(281)] could not read dos header from C:\WINDOWS\System32\SHLWAPI.dll
[0717/202309.447:ERROR:process_reader_win.cc(233)] ReadMemory at 0x7fff6a0b0000 of 64 bytes failed: 仅完成部分的 ReadProcessMemory 或 WriteProcessMemory 请求。 (0x12B)
[0717/202309.447:WARNING:pe_image_reader.cc(281)] could not read dos header from C:\WINDOWS\System32\ole32.dll
[0717/202309.447:ERROR:process_reader_win.cc(233)] ReadMemory at 0x7fff682d0000 of 64 bytes failed: 仅完成部分的 ReadProcessMemory 或 WriteProcessMemory 请求。 (0x12B)
[0717/202309.447:WARNING:pe_image_reader.cc(281)] could not read dos header from C:\WINDOWS\System32\cfgmgr32.dll
[0717/202309.447:ERROR:process_reader_win.cc(233)] ReadMemory at 0x7fff67610000 of 64 bytes failed: 仅完成部分的 ReadProcessMemory 或 WriteProcessMemory 请求。 (0x12B)
[0717/202309.447:WARNING:pe_image_reader.cc(281)] could not read dos header from C:\WINDOWS\System32\powrprof.dll
[0717/202309.447:ERROR:process_reader_win.cc(233)] ReadMemory at 0x24434900000 of 64 bytes failed: 仅完成部分的 ReadProcessMemory 或 WriteProcessMemory 请求。 (0x12B)
[0717/202309.447:WARNING:pe_image_reader.cc(281)] could not read dos header from C:\WINDOWS\System32\advapi32.dll
[0717/202309.447:ERROR:process_reader_win.cc(233)] ReadMemory at 0x7fff67660000 of 64 bytes failed: 仅完成部分的 ReadProcessMemory 或 WriteProcessMemory 请求。 (0x12B)
[0717/202309.447:WARNING:pe_image_reader.cc(281)] could not read dos header from C:\WINDOWS\System32\kernel.appcore.dll
[0717/202309.447:ERROR:process_reader_win.cc(233)] ReadMemory at 0x7fff67690000 of 64 bytes failed: 仅完成部分的 ReadProcessMemory 或 WriteProcessMemory 请求。 (0x12B)
[0717/202309.447:WARNING:pe_image_reader.cc(281)] could not read dos header from C:\WINDOWS\System32\shcore.dll
[0717/202309.447:ERROR:process_reader_win.cc(233)] ReadMemory at 0x7fff67670000 of 64 bytes failed: 仅完成部分的 ReadProcessMemory 或 WriteProcessMemory 请求。 (0x12B)
[0717/202309.447:WARNING:pe_image_reader.cc(281)] could not read dos header from C:\WINDOWS\System32\profapi.dll
[0717/202309.447:ERROR:process_reader_win.cc(233)] ReadMemory at 0x7fff67950000 of 64 bytes failed: 仅完成部分的 ReadProcessMemory 或 WriteProcessMemory 请求。 (0x12B)
[0717/202309.447:WARNING:pe_image_reader.cc(281)] could not read dos header from C:\WINDOWS\System32\windows.storage.dll
[0717/202309.447:ERROR:process_reader_win.cc(233)] ReadMemory at 0x7fff687f0000 of 64 bytes failed: 仅完成部分的 ReadProcessMemory 或 WriteProcessMemory 请求。 (0x12B)
[0717/202309.447:WARNING:pe_image_reader.cc(281)] could not read dos header from C:\WINDOWS\System32\SHELL32.dll
[0717/202309.447:ERROR:process_reader_win.cc(233)] ReadMemory at 0x7fff66d80000 of 64 bytes failed: 仅完成部分的 ReadProcessMemory 或 WriteProcessMemory 请求。 (0x12B)
[0717/202309.447:WARNING:pe_image_reader.cc(281)] could not read dos header from C:\WINDOWS\SYSTEM32\USERENV.dll
[0717/202309.447:ERROR:process_reader_win.cc(233)] ReadMemory at 0x7fff5b9e0000 of 64 bytes failed: 仅完成部分的 ReadProcessMemory 或 WriteProcessMemory 请求。 (0x12B)
[0717/202309.447:WARNING:pe_image_reader.cc(281)] could not read dos header from C:\WINDOWS\SYSTEM32\MPR.dll
[0717/202309.447:ERROR:process_reader_win.cc(233)] ReadMemory at 0x7fff61060000 of 64 bytes failed: 仅完成部分的 ReadProcessMemory 或 WriteProcessMemory 请求。 (0x12B)
[0717/202309.447:WARNING:pe_image_reader.cc(281)] could not read dos header from C:\WINDOWS\SYSTEM32\VERSION.dll
[0717/202309.447:ERROR:process_reader_win.cc(233)] ReadMemory at 0x7fff3d780000 of 64 bytes failed: 仅完成部分的 ReadProcessMemory 或 WriteProcessMemory 请求。 (0x12B)
[0717/202309.447:WARNING:pe_image_reader.cc(281)] could not read dos header from C:\Program Files (x86)\Google\Chrome\Application\58.0.3029.110\chrome_elf.dll
[0717/202309.447:ERROR:process_reader_win.cc(233)] ReadMemory at 0x7fff6b190000 of 64 bytes failed: 仅完成部分的 ReadProcessMemory 或 WriteProcessMemory 请求。 (0x12B)
[0717/202309.447:WARNING:pe_image_reader.cc(281)] could not read dos header from C:\WINDOWS\System32\PSAPI.DLL
[0717/202309.447:ERROR:process_reader_win.cc(233)] ReadMemory at 0x7fff65580000 of 64 bytes failed: 仅完成部分的 ReadProcessMemory 或 WriteProcessMemory 请求。 (0x12B)
[0717/202309.447:WARNING:pe_image_reader.cc(281)] could not read dos header from C:\WINDOWS\SYSTEM32\WINMMBASE.dll
[0717/202309.447:ERROR:process_reader_win.cc(233)] ReadMemory at 0x7fff655e0000 of 64 bytes failed: 仅完成部分的 ReadProcessMemory 或 WriteProcessMemory 请求。 (0x12B)
[0717/202309.447:WARNING:pe_image_reader.cc(281)] could not read dos header from C:\WINDOWS\SYSTEM32\WINMM.dll
[0717/202309.447:ERROR:process_reader_win.cc(233)] ReadMemory at 0x7fff63db0000 of 64 bytes failed: 仅完成部分的 ReadProcessMemory 或 WriteProcessMemory 请求。 (0x12B)
[0717/202309.448:WARNING:pe_image_reader.cc(281)] could not read dos header from C:\WINDOWS\SYSTEM32\WINHTTP.dll
[0717/202309.448:ERROR:process_reader_win.cc(233)] ReadMemory at 0x7fff670a0000 of 64 bytes failed: 仅完成部分的 ReadProcessMemory 或 WriteProcessMemory 请求。 (0x12B)
[0717/202309.448:WARNING:pe_image_reader.cc(281)] could not read dos header from C:\WINDOWS\SYSTEM32\CRYPTBASE.DLL
[0717/202309.448:ERROR:process_reader_win.cc(233)] ReadMemory at 0x7fff681c0000 of 64 bytes failed: 仅完成部分的 ReadProcessMemory 或 WriteProcessMemory 请求。 (0x12B)
[0717/202309.448:WARNING:pe_image_reader.cc(281)] could not read dos header from C:\WINDOWS\System32\msvcp_win.dll
[0717/202309.448:ERROR:process_reader_win.cc(233)] ReadMemory at 0x7fff68730000 of 64 bytes failed: 仅完成部分的 ReadProcessMemory 或 WriteProcessMemory 请求。 (0x12B)
[0717/202309.448:WARNING:pe_image_reader.cc(281)] could not read dos header from C:\WINDOWS\System32\OLEAUT32.dll
[0717/202309.448:ERROR:process_reader_win.cc(233)] ReadMemory at 0x7fff5b340000 of 64 bytes failed: 仅完成部分的 ReadProcessMemory 或 WriteProcessMemory 请求。 (0x12B)
[0717/202309.448:WARNING:pe_image_reader.cc(281)] could not read dos header from C:\WINDOWS\SYSTEM32\ninput.dll
[0717/202309.448:ERROR:process_reader_win.cc(233)] ReadMemory at 0x6cab0000 of 64 bytes failed: 仅完成部分的 ReadProcessMemory 或 WriteProcessMemory 请求。 (0x12B)
[0717/202309.448:WARNING:pe_image_reader.cc(281)] could not read dos header from D:\Program Files (x86)\360\360safe\safemon\SafeWrapper.dll
[0717/202309.448:ERROR:process_reader_win.cc(233)] ReadMemory at 0x24434b60000 of 64 bytes failed: 仅完成部分的 ReadProcessMemory 或 WriteProcessMemory 请求。 (0x12B)
[0717/202309.448:WARNING:pe_image_reader.cc(281)] could not read dos header from C:\WINDOWS\System32\WS2_32.dll
[0717/202309.448:ERROR:process_reader_win.cc(233)] ReadMemory at 0x24434bd0000 of 64 bytes failed: 仅完成部分的 ReadProcessMemory 或 WriteProcessMemory 请求。 (0x12B)
[0717/202309.448:WARNING:pe_image_reader.cc(281)] could not read dos header from C:\WINDOWS\System32\imagehlp.dll
[0717/202309.448:ERROR:process_reader_win.cc(233)] ReadMemory at 0x7fff565f0000 of 64 bytes failed: 仅完成部分的 ReadProcessMemory 或 WriteProcessMemory 请求。 (0x12B)
[0717/202309.448:WARNING:pe_image_reader.cc(281)] could not read dos header from C:\WINDOWS\SYSTEM32\NETAPI32.dll
[0717/202309.448:ERROR:process_reader_win.cc(233)] ReadMemory at 0x7fff671b0000 of 64 bytes failed: 仅完成部分的 ReadProcessMemory 或 WriteProcessMemory 请求。 (0x12B)
[0717/202309.448:WARNING:pe_image_reader.cc(281)] could not read dos header from C:\WINDOWS\SYSTEM32\bcrypt.dll
[0717/202309.448:ERROR:process_reader_win.cc(233)] ReadMemory at 0x7fff611e0000 of 64 bytes failed: 仅完成部分的 ReadProcessMemory 或 WriteProcessMemory 请求。 (0x12B)
[0717/202309.448:WARNING:pe_image_reader.cc(281)] could not read dos header from C:\WINDOWS\SYSTEM32\WKSCLI.DLL
[0717/202309.448:ERROR:process_reader_win.cc(233)] ReadMemory at 0x7fff66d70000 of 64 bytes failed: 仅完成部分的 ReadProcessMemory 或 WriteProcessMemory 请求。 (0x12B)
[0717/202309.448:WARNING:pe_image_reader.cc(281)] could not read dos header from C:\WINDOWS\SYSTEM32\NETUTILS.DLL
[0717/202309.448:ERROR:process_reader_win.cc(233)] ReadMemory at 0x6baf0000 of 64 bytes failed: 仅完成部分的 ReadProcessMemory 或 WriteProcessMemory 请求。 (0x12B)
[0717/202309.448:WARNING:pe_image_reader.cc(281)] could not read dos header from D:\Program Files (x86)\360\360safe\safemon\safemon64.dll
[0717/202309.448:ERROR:process_reader_win.cc(233)] ReadMemory at 0x7fff67600000 of 64 bytes failed: 仅完成部分的 ReadProcessMemory 或 WriteProcessMemory 请求。 (0x12B)
[0717/202309.448:WARNING:pe_image_reader.cc(281)] could not read dos header from C:\WINDOWS\System32\MSASN1.dll
[0717/202309.448:ERROR:process_reader_win.cc(233)] ReadMemory at 0x7fff68320000 of 64 bytes failed: 仅完成部分的 ReadProcessMemory 或 WriteProcessMemory 请求。 (0x12B)
[0717/202309.448:WARNING:pe_image_reader.cc(281)] could not read dos header from C:\WINDOWS\System32\CRYPT32.dll
[0717/202309.448:ERROR:process_reader_win.cc(233)] ReadMemory at 0x7fff67740000 of 64 bytes failed: 仅完成部分的 ReadProcessMemory 或 WriteProcessMemory 请求。 (0x12B)
[0717/202309.448:WARNING:pe_image_reader.cc(281)] could not read dos header from C:\WINDOWS\System32\WINTRUST.DLL
[0717/202309.448:ERROR:process_reader_win.cc(233)] ReadMemory at 0x7fff670b0000 of 64 bytes failed: 仅完成部分的 ReadProcessMemory 或 WriteProcessMemory 请求。 (0x12B)
[0717/202309.448:WARNING:pe_image_reader.cc(281)] could not read dos header from C:\WINDOWS\SYSTEM32\CRYPTSP.dll
[0717/202309.448:ERROR:process_reader_win.cc(233)] ReadMemory at 0x7fff66b10000 of 64 bytes failed: 仅完成部分的 ReadProcessMemory 或 WriteProcessMemory 请求。 (0x12B)
[0717/202309.448:WARNING:pe_image_reader.cc(281)] could not read dos header from C:\WINDOWS\system32\rsaenh.dll
[0717/202309.448:ERROR:process_reader_win.cc(233)] ReadMemory at 0x7fff5d800000 of 64 bytes failed: 仅完成部分的 ReadProcessMemory 或 WriteProcessMemory 请求。 (0x12B)
[0717/202309.448:WARNING:pe_image_reader.cc(281)] could not read dos header from C:\WINDOWS\WinSxS\amd64_microsoft.windows.common-controls_6595b64144ccf1df_6.0.14393.447_none_42191651c6827bb3\COMCTL32.dll
[0717/202309.448:ERROR:process_reader_win.cc(233)] ReadMemory at 0x7fff6a560000 of 64 bytes failed: 仅完成部分的 ReadProcessMemory 或 WriteProcessMemory 请求。 (0x12B)
[0717/202309.449:WARNING:pe_image_reader.cc(281)] could not read dos header from C:\WINDOWS\System32\COMDLG32.dll
[0717/202309.449:ERROR:process_reader_win.cc(233)] ReadMemory at 0x7fff61de0000 of 64 bytes failed: 仅完成部分的 ReadProcessMemory 或 WriteProcessMemory 请求。 (0x12B)
[0717/202309.449:WARNING:pe_image_reader.cc(281)] could not read dos header from C:\WINDOWS\SYSTEM32\dbghelp.dll
[0717/202309.449:ERROR:process_reader_win.cc(233)] ReadMemory at 0x7fff51a30000 of 64 bytes failed: 仅完成部分的 ReadProcessMemory 或 WriteProcessMemory 请求。 (0x12B)
[0717/202309.449:WARNING:pe_image_reader.cc(281)] could not read dos header from C:\WINDOWS\SYSTEM32\USP10.dll
[0717/202309.449:ERROR:process_reader_win.cc(233)] ReadMemory at 0x7fff61090000 of 64 bytes failed: 仅完成部分的 ReadProcessMemory 或 WriteProcessMemory 请求。 (0x12B)
[0717/202309.449:WARNING:pe_image_reader.cc(281)] could not read dos header from C:\WINDOWS\SYSTEM32\WINSPOOL.DRV
[0717/202309.449:ERROR:process_reader_win.cc(233)] ReadMemory at 0x7fff66c90000 of 64 bytes failed: 仅完成部分的 ReadProcessMemory 或 WriteProcessMemory 请求。 (0x12B)
[0717/202309.449:WARNING:pe_image_reader.cc(281)] could not read dos header from C:\WINDOWS\SYSTEM32\IPHLPAPI.DLL
[0717/202309.449:ERROR:process_reader_win.cc(233)] ReadMemory at 0x7fff63da0000 of 64 bytes failed: 仅完成部分的 ReadProcessMemory 或 WriteProcessMemory 请求。 (0x12B)
[0717/202309.449:WARNING:pe_image_reader.cc(281)] could not read dos header from C:\WINDOWS\SYSTEM32\Secur32.dll
[0717/202309.449:ERROR:process_reader_win.cc(233)] ReadMemory at 0x7fff5cbb0000 of 64 bytes failed: 仅完成部分的 ReadProcessMemory 或 WriteProcessMemory 请求。 (0x12B)
[0717/202309.449:WARNING:pe_image_reader.cc(281)] could not read dos header from C:\WINDOWS\SYSTEM32\DWrite.dll
[0717/202309.449:ERROR:process_reader_win.cc(233)] ReadMemory at 0x7fff29660000 of 64 bytes failed: 仅完成部分的 ReadProcessMemory 或 WriteProcessMemory 请求。 (0x12B)
[0717/202309.449:WARNING:pe_image_reader.cc(281)] could not read dos header from C:\Program Files (x86)\Google\Chrome\Application\58.0.3029.110\chrome_child.dll
[0717/202309.450:ERROR:process_reader_win.cc(233)] ReadMemory at 0x7ff7b6be0000 of 64 bytes failed: 仅完成部分的 ReadProcessMemory 或 WriteProcessMemory 请求。 (0x12B)
[0717/202309.450:WARNING:pe_image_reader.cc(281)] could not read dos header from C:\Program Files (x86)\Google\Chrome\Application\chrome.exe
[0717/202309.450:ERROR:process_reader_win.cc(233)] ReadMemory at 0x7fff6b1a0000 of 64 bytes failed: 仅完成部分的 ReadProcessMemory 或 WriteProcessMemory 请求。 (0x12B)
[0717/202309.450:WARNING:pe_image_reader.cc(281)] could not read dos header from C:\WINDOWS\SYSTEM32\ntdll.dll
[0717/202309.450:ERROR:process_reader_win.cc(233)] ReadMemory at 0x7fff68510000 of 64 bytes failed: 仅完成部分的 ReadProcessMemory 或 WriteProcessMemory 请求。 (0x12B)
[0717/202309.450:WARNING:pe_image_reader.cc(281)] could not read dos header from C:\WINDOWS\System32\KERNELBASE.dll
[0717/202309.450:ERROR:process_reader_win.cc(233)] ReadMemory at 0x7fff6a660000 of 64 bytes failed: 仅完成部分的 ReadProcessMemory 或 WriteProcessMemory 请求。 (0x12B)
[0717/202309.450:WARNING:pe_image_reader.cc(281)] could not read dos header from C:\WINDOWS\System32\KERNEL32.DLL
[0717/202309.450:ERROR:process_reader_win.cc(233)] ReadMemory at 0x7fff65b80000 of 64 bytes failed: 仅完成部分的 ReadProcessMemory 或 WriteProcessMemory 请求。 (0x12B)
[0717/202309.450:WARNING:pe_image_reader.cc(281)] could not read dos header from C:\WINDOWS\system32\apphelp.dll
[0717/202309.450:ERROR:process_reader_win.cc(233)] ReadMemory at 0x7fff4c530000 of 64 bytes failed: 仅完成部分的 ReadProcessMemory 或 WriteProcessMemory 请求。 (0x12B)
[0717/202309.450:WARNING:pe_image_reader.cc(281)] could not read dos header from C:\WINDOWS\AppPatch\AppPatch64\AcGenral.dll
[0717/202309.450:ERROR:process_reader_win.cc(233)] ReadMemory at 0x7fff6abc0000 of 64 bytes failed: 仅完成部分的 ReadProcessMemory 或 WriteProcessMemory 请求。 (0x12B)
[0717/202309.450:WARNING:pe_image_reader.cc(281)] could not read dos header from C:\WINDOWS\System32\msvcrt.dll
[0717/202309.450:ERROR:process_reader_win.cc(233)] ReadMemory at 0x7fff69ed0000 of 64 bytes failed: 仅完成部分的 ReadProcessMemory 或 WriteProcessMemory 请求。 (0x12B)
[0717/202309.450:WARNING:pe_image_reader.cc(281)] could not read dos header from C:\WINDOWS\System32\RPCRT4.dll
[0717/202309.450:ERROR:process_reader_win.cc(233)] ReadMemory at 0x7fff6b0f0000 of 64 bytes failed: 仅完成部分的 ReadProcessMemory 或 WriteProcessMemory 请求。 (0x12B)
[0717/202309.450:WARNING:pe_image_reader.cc(281)] could not read dos header from C:\WINDOWS\System32\sechost.dll
[0717/202309.450:ERROR:process_reader_win.cc(233)] ReadMemory at 0x7fff672d0000 of 64 bytes failed: 仅完成部分的 ReadProcessMemory 或 WriteProcessMemory 请求。 (0x12B)
[0717/202309.450:WARNING:pe_image_reader.cc(281)] could not read dos header from C:\WINDOWS\SYSTEM32\SspiCli.dll
[0717/202309.450:ERROR:process_reader_win.cc(233)] ReadMemory at 0x7fff677a0000 of 64 bytes failed: 仅完成部分的 ReadProcessMemory 或 WriteProcessMemory 请求。 (0x12B)
[0717/202309.450:WARNING:pe_image_reader.cc(281)] could not read dos header from C:\WINDOWS\System32\ucrtbase.dll
[0717/202309.450:ERROR:process_reader_win.cc(233)] ReadMemory at 0x7fff68260000 of 64 bytes failed: 仅完成部分的 ReadProcessMemory 或 WriteProcessMemory 请求。 (0x12B)
[0717/202309.450:WARNING:pe_image_reader.cc(281)] could not read dos header from C:\WINDOWS\System32\bcryptPrimitives.dll
[0717/202309.450:ERROR:process_reader_win.cc(233)] ReadMemory at 0x7fff6a730000 of 64 bytes failed: 仅完成部分的 ReadProcessMemory 或 WriteProcessMemory 请求。 (0x12B)
[0717/202309.450:WARNING:pe_image_reader.cc(281)] could not read dos header from C:\WINDOWS\System32\combase.dll
[0717/202309.450:ERROR:process_reader_win.cc(233)] ReadMemory at 0x7fff684f0000 of 64 bytes failed: 仅完成部分的 ReadProcessMemory 或 WriteProcessMemory 请求。 (0x12B)
[0717/202309.450:WARNING:pe_image_reader.cc(281)] could not read dos header from C:\WINDOWS\System32\win32u.dll
[0717/202309.450:ERROR:process_reader_win.cc(233)] ReadMemory at 0x7fff69d60000 of 64 bytes failed: 仅完成部分的 ReadProcessMemory 或 WriteProcessMemory 请求。 (0x12B)
[0717/202309.450:WARNING:pe_image_reader.cc(281)] could not read dos header from C:\WINDOWS\System32\USER32.dll
[0717/202309.450:ERROR:process_reader_win.cc(233)] ReadMemory at 0x7fff68030000 of 64 bytes failed: 仅完成部分的 ReadProcessMemory 或 WriteProcessMemory 请求。 (0x12B)
[0717/202309.451:WARNING:pe_image_reader.cc(281)] could not read dos header from C:\WINDOWS\System32\gdi32full.dll
[0717/202309.451:ERROR:process_reader_win.cc(233)] ReadMemory at 0x7fff6aa10000 of 64 bytes failed: 仅完成部分的 ReadProcessMemory 或 WriteProcessMemory 请求。 (0x12B)
[0717/202309.451:WARNING:pe_image_reader.cc(281)] could not read dos header from C:\WINDOWS\System32\GDI32.dll
[0717/202309.451:ERROR:process_reader_win.cc(233)] ReadMemory at 0x7fff6b150000 of 64 bytes failed: 仅完成部分的 ReadProcessMemory 或 WriteProcessMemory 请求。 (0x12B)
[0717/202309.451:WARNING:pe_image_reader.cc(281)] could not read dos header from C:\WINDOWS\System32\IMM32.DLL
[0717/202309.451:ERROR:process_reader_win.cc(233)] ReadMemory at 0x7fff6ab60000 of 64 bytes failed: 仅完成部分的 ReadProcessMemory 或 WriteProcessMemory 请求。 (0x12B)
[0717/202309.451:WARNING:pe_image_reader.cc(281)] could not read dos header from C:\WINDOWS\System32\SHLWAPI.dll
[0717/202309.451:ERROR:process_reader_win.cc(233)] ReadMemory at 0x7fff6a0b0000 of 64 bytes failed: 仅完成部分的 ReadProcessMemory 或 WriteProcessMemory 请求。 (0x12B)
[0717/202309.451:WARNING:pe_image_reader.cc(281)] could not read dos header from C:\WINDOWS\System32\ole32.dll
[0717/202309.451:ERROR:process_reader_win.cc(233)] ReadMemory at 0x7fff682d0000 of 64 bytes failed: 仅完成部分的 ReadProcessMemory 或 WriteProcessMemory 请求。 (0x12B)
[0717/202309.451:WARNING:pe_image_reader.cc(281)] could not read dos header from C:\WINDOWS\System32\cfgmgr32.dll
[0717/202309.451:ERROR:process_reader_win.cc(233)] ReadMemory at 0x7fff67610000 of 64 bytes failed: 仅完成部分的 ReadProcessMemory 或 WriteProcessMemory 请求。 (0x12B)
[0717/202309.451:WARNING:pe_image_reader.cc(281)] could not read dos header from C:\WINDOWS\System32\powrprof.dll
[0717/202309.451:ERROR:process_reader_win.cc(233)] ReadMemory at 0x24434900000 of 64 bytes failed: 仅完成部分的 ReadProcessMemory 或 WriteProcessMemory 请求。 (0x12B)
[0717/202309.451:WARNING:pe_image_reader.cc(281)] could not read dos header from C:\WINDOWS\System32\advapi32.dll
[0717/202309.451:ERROR:process_reader_win.cc(233)] ReadMemory at 0x7fff67660000 of 64 bytes failed: 仅完成部分的 ReadProcessMemory 或 WriteProcessMemory 请求。 (0x12B)
[0717/202309.451:WARNING:pe_image_reader.cc(281)] could not read dos header from C:\WINDOWS\System32\kernel.appcore.dll
[0717/202309.451:ERROR:process_reader_win.cc(233)] ReadMemory at 0x7fff67690000 of 64 bytes failed: 仅完成部分的 ReadProcessMemory 或 WriteProcessMemory 请求。 (0x12B)
[0717/202309.451:WARNING:pe_image_reader.cc(281)] could not read dos header from C:\WINDOWS\System32\shcore.dll
[0717/202309.451:ERROR:process_reader_win.cc(233)] ReadMemory at 0x7fff67670000 of 64 bytes failed: 仅完成部分的 ReadProcessMemory 或 WriteProcessMemory 请求。 (0x12B)
[0717/202309.451:WARNING:pe_image_reader.cc(281)] could not read dos header from C:\WINDOWS\System32\profapi.dll
[0717/202309.451:ERROR:process_reader_win.cc(233)] ReadMemory at 0x7fff67950000 of 64 bytes failed: 仅完成部分的 ReadProcessMemory 或 WriteProcessMemory 请求。 (0x12B)
[0717/202309.451:WARNING:pe_image_reader.cc(281)] could not read dos header from C:\WINDOWS\System32\windows.storage.dll
[0717/202309.451:ERROR:process_reader_win.cc(233)] ReadMemory at 0x7fff687f0000 of 64 bytes failed: 仅完成部分的 ReadProcessMemory 或 WriteProcessMemory 请求。 (0x12B)
[0717/202309.451:WARNING:pe_image_reader.cc(281)] could not read dos header from C:\WINDOWS\System32\SHELL32.dll
[0717/202309.451:ERROR:process_reader_win.cc(233)] ReadMemory at 0x7fff66d80000 of 64 bytes failed: 仅完成部分的 ReadProcessMemory 或 WriteProcessMemory 请求。 (0x12B)
[0717/202309.452:WARNING:pe_image_reader.cc(281)] could not read dos header from C:\WINDOWS\SYSTEM32\USERENV.dll
[0717/202309.452:ERROR:process_reader_win.cc(233)] ReadMemory at 0x7fff5b9e0000 of 64 bytes failed: 仅完成部分的 ReadProcessMemory 或 WriteProcessMemory 请求。 (0x12B)
[0717/202309.452:WARNING:pe_image_reader.cc(281)] could not read dos header from C:\WINDOWS\SYSTEM32\MPR.dll
[0717/202309.452:ERROR:process_reader_win.cc(233)] ReadMemory at 0x7fff61060000 of 64 bytes failed: 仅完成部分的 ReadProcessMemory 或 WriteProcessMemory 请求。 (0x12B)
[0717/202309.452:WARNING:pe_image_reader.cc(281)] could not read dos header from C:\WINDOWS\SYSTEM32\VERSION.dll
[0717/202309.452:ERROR:process_reader_win.cc(233)] ReadMemory at 0x7fff3d780000 of 64 bytes failed: 仅完成部分的 ReadProcessMemory 或 WriteProcessMemory 请求。 (0x12B)
[0717/202309.452:WARNING:pe_image_reader.cc(281)] could not read dos header from C:\Program Files (x86)\Google\Chrome\Application\58.0.3029.110\chrome_elf.dll
[0717/202309.452:ERROR:process_reader_win.cc(233)] ReadMemory at 0x7fff6b190000 of 64 bytes failed: 仅完成部分的 ReadProcessMemory 或 WriteProcessMemory 请求。 (0x12B)
[0717/202309.452:WARNING:pe_image_reader.cc(281)] could not read dos header from C:\WINDOWS\System32\PSAPI.DLL
[0717/202309.452:ERROR:process_reader_win.cc(233)] ReadMemory at 0x7fff65580000 of 64 bytes failed: 仅完成部分的 ReadProcessMemory 或 WriteProcessMemory 请求。 (0x12B)
[0717/202309.452:WARNING:pe_image_reader.cc(281)] could not read dos header from C:\WINDOWS\SYSTEM32\WINMMBASE.dll
[0717/202309.452:ERROR:process_reader_win.cc(233)] ReadMemory at 0x7fff655e0000 of 64 bytes failed: 仅完成部分的 ReadProcessMemory 或 WriteProcessMemory 请求。 (0x12B)
[0717/202309.452:WARNING:pe_image_reader.cc(281)] could not read dos header from C:\WINDOWS\SYSTEM32\WINMM.dll
[0717/202309.452:ERROR:process_reader_win.cc(233)] ReadMemory at 0x7fff63db0000 of 64 bytes failed: 仅完成部分的 ReadProcessMemory 或 WriteProcessMemory 请求。 (0x12B)
[0717/202309.452:WARNING:pe_image_reader.cc(281)] could not read dos header from C:\WINDOWS\SYSTEM32\WINHTTP.dll
[0717/202309.452:ERROR:process_reader_win.cc(233)] ReadMemory at 0x7fff670a0000 of 64 bytes failed: 仅完成部分的 ReadProcessMemory 或 WriteProcessMemory 请求。 (0x12B)
[0717/202309.452:WARNING:pe_image_reader.cc(281)] could not read dos header from C:\WINDOWS\SYSTEM32\CRYPTBASE.DLL
[0717/202309.452:ERROR:process_reader_win.cc(233)] ReadMemory at 0x7fff681c0000 of 64 bytes failed: 仅完成部分的 ReadProcessMemory 或 WriteProcessMemory 请求。 (0x12B)
[0717/202309.452:WARNING:pe_image_reader.cc(281)] could not read dos header from C:\WINDOWS\System32\msvcp_win.dll
[0717/202309.452:ERROR:process_reader_win.cc(233)] ReadMemory at 0x7fff68730000 of 64 bytes failed: 仅完成部分的 ReadProcessMemory 或 WriteProcessMemory 请求。 (0x12B)
[0717/202309.452:WARNING:pe_image_reader.cc(281)] could not read dos header from C:\WINDOWS\System32\OLEAUT32.dll
[0717/202309.452:ERROR:process_reader_win.cc(233)] ReadMemory at 0x7fff5b340000 of 64 bytes failed: 仅完成部分的 ReadProcessMemory 或 WriteProcessMemory 请求。 (0x12B)
[0717/202309.452:WARNING:pe_image_reader.cc(281)] could not read dos header from C:\WINDOWS\SYSTEM32\ninput.dll
[0717/202309.452:ERROR:process_reader_win.cc(233)] ReadMemory at 0x6cab0000 of 64 bytes failed: 仅完成部分的 ReadProcessMemory 或 WriteProcessMemory 请求。 (0x12B)
[0717/202309.452:WARNING:pe_image_reader.cc(281)] could not read dos header from D:\Program Files (x86)\360\360safe\safemon\SafeWrapper.dll
[0717/202309.452:ERROR:process_reader_win.cc(233)] ReadMemory at 0x24434b60000 of 64 bytes failed: 仅完成部分的 ReadProcessMemory 或 WriteProcessMemory 请求。 (0x12B)
[0717/202309.452:WARNING:pe_image_reader.cc(281)] could not read dos header from C:\WINDOWS\System32\WS2_32.dll
[0717/202309.452:ERROR:process_reader_win.cc(233)] ReadMemory at 0x24434bd0000 of 64 bytes failed: 仅完成部分的 ReadProcessMemory 或 WriteProcessMemory 请求。 (0x12B)
[0717/202309.452:WARNING:pe_image_reader.cc(281)] could not read dos header from C:\WINDOWS\System32\imagehlp.dll
[0717/202309.452:ERROR:process_reader_win.cc(233)] ReadMemory at 0x7fff565f0000 of 64 bytes failed: 仅完成部分的 ReadProcessMemory 或 WriteProcessMemory 请求。 (0x12B)
[0717/202309.452:WARNING:pe_image_reader.cc(281)] could not read dos header from C:\WINDOWS\SYSTEM32\NETAPI32.dll
[0717/202309.452:ERROR:process_reader_win.cc(233)] ReadMemory at 0x7fff671b0000 of 64 bytes failed: 仅完成部分的 ReadProcessMemory 或 WriteProcessMemory 请求。 (0x12B)
[0717/202309.453:WARNING:pe_image_reader.cc(281)] could not read dos header from C:\WINDOWS\SYSTEM32\bcrypt.dll
[0717/202309.453:ERROR:process_reader_win.cc(233)] ReadMemory at 0x7fff611e0000 of 64 bytes failed: 仅完成部分的 ReadProcessMemory 或 WriteProcessMemory 请求。 (0x12B)
[0717/202309.453:WARNING:pe_image_reader.cc(281)] could not read dos header from C:\WINDOWS\SYSTEM32\WKSCLI.DLL
[0717/202309.453:ERROR:process_reader_win.cc(233)] ReadMemory at 0x7fff66d70000 of 64 bytes failed: 仅完成部分的 ReadProcessMemory 或 WriteProcessMemory 请求。 (0x12B)
[0717/202309.453:WARNING:pe_image_reader.cc(281)] could not read dos header from C:\WINDOWS\SYSTEM32\NETUTILS.DLL
[0717/202309.453:ERROR:process_reader_win.cc(233)] ReadMemory at 0x6baf0000 of 64 bytes failed: 仅完成部分的 ReadProcessMemory 或 WriteProcessMemory 请求。 (0x12B)
[0717/202309.453:WARNING:pe_image_reader.cc(281)] could not read dos header from D:\Program Files (x86)\360\360safe\safemon\safemon64.dll
[0717/202309.453:ERROR:process_reader_win.cc(233)] ReadMemory at 0x7fff67600000 of 64 bytes failed: 仅完成部分的 ReadProcessMemory 或 WriteProcessMemory 请求。 (0x12B)
[0717/202309.453:WARNING:pe_image_reader.cc(281)] could not read dos header from C:\WINDOWS\System32\MSASN1.dll
[0717/202309.453:ERROR:process_reader_win.cc(233)] ReadMemory at 0x7fff68320000 of 64 bytes failed: 仅完成部分的 ReadProcessMemory 或 WriteProcessMemory 请求。 (0x12B)
[0717/202309.453:WARNING:pe_image_reader.cc(281)] could not read dos header from C:\WINDOWS\System32\CRYPT32.dll
[0717/202309.453:ERROR:process_reader_win.cc(233)] ReadMemory at 0x7fff67740000 of 64 bytes failed: 仅完成部分的 ReadProcessMemory 或 WriteProcessMemory 请求。 (0x12B)
[0717/202309.453:WARNING:pe_image_reader.cc(281)] could not read dos header from C:\WINDOWS\System32\WINTRUST.DLL
[0717/202309.453:ERROR:process_reader_win.cc(233)] ReadMemory at 0x7fff670b0000 of 64 bytes failed: 仅完成部分的 ReadProcessMemory 或 WriteProcessMemory 请求。 (0x12B)
[0717/202309.453:WARNING:pe_image_reader.cc(281)] could not read dos header from C:\WINDOWS\SYSTEM32\CRYPTSP.dll
[0717/202309.453:ERROR:process_reader_win.cc(233)] ReadMemory at 0x7fff66b10000 of 64 bytes failed: 仅完成部分的 ReadProcessMemory 或 WriteProcessMemory 请求。 (0x12B)
[0717/202309.453:WARNING:pe_image_reader.cc(281)] could not read dos header from C:\WINDOWS\system32\rsaenh.dll
[0717/202309.453:ERROR:process_reader_win.cc(233)] ReadMemory at 0x7fff5d800000 of 64 bytes failed: 仅完成部分的 ReadProcessMemory 或 WriteProcessMemory 请求。 (0x12B)
[0717/202309.453:WARNING:pe_image_reader.cc(281)] could not read dos header from C:\WINDOWS\WinSxS\amd64_microsoft.windows.common-controls_6595b64144ccf1df_6.0.14393.447_none_42191651c6827bb3\COMCTL32.dll
[0717/202309.453:ERROR:process_reader_win.cc(233)] ReadMemory at 0x7fff6a560000 of 64 bytes failed: 仅完成部分的 ReadProcessMemory 或 WriteProcessMemory 请求。 (0x12B)
[0717/202309.453:WARNING:pe_image_reader.cc(281)] could not read dos header from C:\WINDOWS\System32\COMDLG32.dll
[0717/202309.453:ERROR:process_reader_win.cc(233)] ReadMemory at 0x7fff61de0000 of 64 bytes failed: 仅完成部分的 ReadProcessMemory 或 WriteProcessMemory 请求。 (0x12B)
[0717/202309.453:WARNING:pe_image_reader.cc(281)] could not read dos header from C:\WINDOWS\SYSTEM32\dbghelp.dll
[0717/202309.453:ERROR:process_reader_win.cc(233)] ReadMemory at 0x7fff51a30000 of 64 bytes failed: 仅完成部分的 ReadProcessMemory 或 WriteProcessMemory 请求。 (0x12B)
[0717/202309.453:WARNING:pe_image_reader.cc(281)] could not read dos header from C:\WINDOWS\SYSTEM32\USP10.dll
[0717/202309.453:ERROR:process_reader_win.cc(233)] ReadMemory at 0x7fff61090000 of 64 bytes failed: 仅完成部分的 ReadProcessMemory 或 WriteProcessMemory 请求。 (0x12B)
[0717/202309.453:WARNING:pe_image_reader.cc(281)] could not read dos header from C:\WINDOWS\SYSTEM32\WINSPOOL.DRV
[0717/202309.453:ERROR:process_reader_win.cc(233)] ReadMemory at 0x7fff66c90000 of 64 bytes failed: 仅完成部分的 ReadProcessMemory 或 WriteProcessMemory 请求。 (0x12B)
[0717/202309.453:WARNING:pe_image_reader.cc(281)] could not read dos header from C:\WINDOWS\SYSTEM32\IPHLPAPI.DLL
[0717/202309.453:ERROR:process_reader_win.cc(233)] ReadMemory at 0x7fff63da0000 of 64 bytes failed: 仅完成部分的 ReadProcessMemory 或 WriteProcessMemory 请求。 (0x12B)
[0717/202309.454:WARNING:pe_image_reader.cc(281)] could not read dos header from C:\WINDOWS\SYSTEM32\Secur32.dll
[0717/202309.454:ERROR:process_reader_win.cc(233)] ReadMemory at 0x7fff5cbb0000 of 64 bytes failed: 仅完成部分的 ReadProcessMemory 或 WriteProcessMemory 请求。 (0x12B)
[0717/202309.454:WARNING:pe_image_reader.cc(281)] could not read dos header from C:\WINDOWS\SYSTEM32\DWrite.dll
[0717/202309.454:ERROR:process_reader_win.cc(233)] ReadMemory at 0x7fff29660000 of 64 bytes failed: 仅完成部分的 ReadProcessMemory 或 WriteProcessMemory 请求。 (0x12B)
[0717/202309.454:WARNING:pe_image_reader.cc(281)] could not read dos header from C:\Program Files (x86)\Google\Chrome\Application\58.0.3029.110\chrome_child.dll
[0717/202309.459:ERROR:process_reader_win.cc(233)] ReadMemory at 0x7ff7b6be0000 of 64 bytes failed: 仅完成部分的 ReadProcessMemory 或 WriteProcessMemory 请求。 (0x12B)
[0717/202309.459:WARNING:pe_image_reader.cc(281)] could not read dos header from C:\Program Files (x86)\Google\Chrome\Application\chrome.exe
[0717/202309.459:ERROR:process_reader_win.cc(233)] ReadMemory at 0x7fff6b1a0000 of 64 bytes failed: 仅完成部分的 ReadProcessMemory 或 WriteProcessMemory 请求。 (0x12B)
[0717/202309.459:WARNING:pe_image_reader.cc(281)] could not read dos header from C:\WINDOWS\SYSTEM32\ntdll.dll
[0717/202309.459:ERROR:process_reader_win.cc(233)] ReadMemory at 0x7fff68510000 of 64 bytes failed: 仅完成部分的 ReadProcessMemory 或 WriteProcessMemory 请求。 (0x12B)
[0717/202309.459:WARNING:pe_image_reader.cc(281)] could not read dos header from C:\WINDOWS\System32\KERNELBASE.dll
[0717/202309.459:ERROR:process_reader_win.cc(233)] ReadMemory at 0x7fff6a660000 of 64 bytes failed: 仅完成部分的 ReadProcessMemory 或 WriteProcessMemory 请求。 (0x12B)
[0717/202309.459:WARNING:pe_image_reader.cc(281)] could not read dos header from C:\WINDOWS\System32\KERNEL32.DLL
[0717/202309.459:ERROR:process_reader_win.cc(233)] ReadMemory at 0x7fff65b80000 of 64 bytes failed: 仅完成部分的 ReadProcessMemory 或 WriteProcessMemory 请求。 (0x12B)
[0717/202309.459:WARNING:pe_image_reader.cc(281)] could not read dos header from C:\WINDOWS\system32\apphelp.dll
[0717/202309.459:ERROR:process_reader_win.cc(233)] ReadMemory at 0x7fff4c530000 of 64 bytes failed: 仅完成部分的 ReadProcessMemory 或 WriteProcessMemory 请求。 (0x12B)
[0717/202309.459:WARNING:pe_image_reader.cc(281)] could not read dos header from C:\WINDOWS\AppPatch\AppPatch64\AcGenral.dll
[0717/202309.459:ERROR:process_reader_win.cc(233)] ReadMemory at 0x7fff6abc0000 of 64 bytes failed: 仅完成部分的 ReadProcessMemory 或 WriteProcessMemory 请求。 (0x12B)
[0717/202309.459:WARNING:pe_image_reader.cc(281)] could not read dos header from C:\WINDOWS\System32\msvcrt.dll
[0717/202309.459:ERROR:process_reader_win.cc(233)] ReadMemory at 0x7fff69ed0000 of 64 bytes failed: 仅完成部分的 ReadProcessMemory 或 WriteProcessMemory 请求。 (0x12B)
[0717/202309.459:WARNING:pe_image_reader.cc(281)] could not read dos header from C:\WINDOWS\System32\RPCRT4.dll
[0717/202309.459:ERROR:process_reader_win.cc(233)] ReadMemory at 0x7fff6b0f0000 of 64 bytes failed: 仅完成部分的 ReadProcessMemory 或 WriteProcessMemory 请求。 (0x12B)
[0717/202309.459:WARNING:pe_image_reader.cc(281)] could not read dos header from C:\WINDOWS\System32\sechost.dll
[0717/202309.459:ERROR:process_reader_win.cc(233)] ReadMemory at 0x7fff672d0000 of 64 bytes failed: 仅完成部分的 ReadProcessMemory 或 WriteProcessMemory 请求。 (0x12B)
[0717/202309.459:WARNING:pe_image_reader.cc(281)] could not read dos header from C:\WINDOWS\SYSTEM32\SspiCli.dll
[0717/202309.459:ERROR:process_reader_win.cc(233)] ReadMemory at 0x7fff677a0000 of 64 bytes failed: 仅完成部分的 ReadProcessMemory 或 WriteProcessMemory 请求。 (0x12B)
[0717/202309.459:WARNING:pe_image_reader.cc(281)] could not read dos header from C:\WINDOWS\System32\ucrtbase.dll
[0717/202309.459:ERROR:process_reader_win.cc(233)] ReadMemory at 0x7fff68260000 of 64 bytes failed: 仅完成部分的 ReadProcessMemory 或 WriteProcessMemory 请求。 (0x12B)
[0717/202309.459:WARNING:pe_image_reader.cc(281)] could not read dos header from C:\WINDOWS\System32\bcryptPrimitives.dll
[0717/202309.459:ERROR:process_reader_win.cc(233)] ReadMemory at 0x7fff6a730000 of 64 bytes failed: 仅完成部分的 ReadProcessMemory 或 WriteProcessMemory 请求。 (0x12B)
[0717/202309.459:WARNING:pe_image_reader.cc(281)] could not read dos header from C:\WINDOWS\System32\combase.dll
[0717/202309.459:ERROR:process_reader_win.cc(233)] ReadMemory at 0x7fff684f0000 of 64 bytes failed: 仅完成部分的 ReadProcessMemory 或 WriteProcessMemory 请求。 (0x12B)
[0717/202309.460:WARNING:pe_image_reader.cc(281)] could not read dos header from C:\WINDOWS\System32\win32u.dll
[0717/202309.460:ERROR:process_reader_win.cc(233)] ReadMemory at 0x7fff69d60000 of 64 bytes failed: 仅完成部分的 ReadProcessMemory 或 WriteProcessMemory 请求。 (0x12B)
[0717/202309.460:WARNING:pe_image_reader.cc(281)] could not read dos header from C:\WINDOWS\System32\USER32.dll
[0717/202309.460:ERROR:process_reader_win.cc(233)] ReadMemory at 0x7fff68030000 of 64 bytes failed: 仅完成部分的 ReadProcessMemory 或 WriteProcessMemory 请求。 (0x12B)
[0717/202309.460:WARNING:pe_image_reader.cc(281)] could not read dos header from C:\WINDOWS\System32\gdi32full.dll
[0717/202309.460:ERROR:process_reader_win.cc(233)] ReadMemory at 0x7fff6aa10000 of 64 bytes failed: 仅完成部分的 ReadProcessMemory 或 WriteProcessMemory 请求。 (0x12B)
[0717/202309.460:WARNING:pe_image_reader.cc(281)] could not read dos header from C:\WINDOWS\System32\GDI32.dll
[0717/202309.460:ERROR:process_reader_win.cc(233)] ReadMemory at 0x7fff6b150000 of 64 bytes failed: 仅完成部分的 ReadProcessMemory 或 WriteProcessMemory 请求。 (0x12B)
[0717/202309.460:WARNING:pe_image_reader.cc(281)] could not read dos header from C:\WINDOWS\System32\IMM32.DLL
[0717/202309.460:ERROR:process_reader_win.cc(233)] ReadMemory at 0x7fff6ab60000 of 64 bytes failed: 仅完成部分的 ReadProcessMemory 或 WriteProcessMemory 请求。 (0x12B)
[0717/202309.460:WARNING:pe_image_reader.cc(281)] could not read dos header from C:\WINDOWS\System32\SHLWAPI.dll
[0717/202309.460:ERROR:process_reader_win.cc(233)] ReadMemory at 0x7fff6a0b0000 of 64 bytes failed: 仅完成部分的 ReadProcessMemory 或 WriteProcessMemory 请求。 (0x12B)
[0717/202309.460:WARNING:pe_image_reader.cc(281)] could not read dos header from C:\WINDOWS\System32\ole32.dll
[0717/202309.460:ERROR:process_reader_win.cc(233)] ReadMemory at 0x7fff682d0000 of 64 bytes failed: 仅完成部分的 ReadProcessMemory 或 WriteProcessMemory 请求。 (0x12B)
[0717/202309.460:WARNING:pe_image_reader.cc(281)] could not read dos header from C:\WINDOWS\System32\cfgmgr32.dll
[0717/202309.460:ERROR:process_reader_win.cc(233)] ReadMemory at 0x7fff67610000 of 64 bytes failed: 仅完成部分的 ReadProcessMemory 或 WriteProcessMemory 请求。 (0x12B)
[0717/202309.460:WARNING:pe_image_reader.cc(281)] could not read dos header from C:\WINDOWS\System32\powrprof.dll
[0717/202309.460:ERROR:process_reader_win.cc(233)] ReadMemory at 0x24434900000 of 64 bytes failed: 仅完成部分的 ReadProcessMemory 或 WriteProcessMemory 请求。 (0x12B)
[0717/202309.460:WARNING:pe_image_reader.cc(281)] could not read dos header from C:\WINDOWS\System32\advapi32.dll
[0717/202309.460:ERROR:process_reader_win.cc(233)] ReadMemory at 0x7fff67660000 of 64 bytes failed: 仅完成部分的 ReadProcessMemory 或 WriteProcessMemory 请求。 (0x12B)
[0717/202309.460:WARNING:pe_image_reader.cc(281)] could not read dos header from C:\WINDOWS\System32\kernel.appcore.dll
[0717/202309.460:ERROR:process_reader_win.cc(233)] ReadMemory at 0x7fff67690000 of 64 bytes failed: 仅完成部分的 ReadProcessMemory 或 WriteProcessMemory 请求。 (0x12B)
[0717/202309.460:WARNING:pe_image_reader.cc(281)] could not read dos header from C:\WINDOWS\System32\shcore.dll
[0717/202309.460:ERROR:process_reader_win.cc(233)] ReadMemory at 0x7fff67670000 of 64 bytes failed: 仅完成部分的 ReadProcessMemory 或 WriteProcessMemory 请求。 (0x12B)
[0717/202309.460:WARNING:pe_image_reader.cc(281)] could not read dos header from C:\WINDOWS\System32\profapi.dll
[0717/202309.460:ERROR:process_reader_win.cc(233)] ReadMemory at 0x7fff67950000 of 64 bytes failed: 仅完成部分的 ReadProcessMemory 或 WriteProcessMemory 请求。 (0x12B)
[0717/202309.460:WARNING:pe_image_reader.cc(281)] could not read dos header from C:\WINDOWS\System32\windows.storage.dll
[0717/202309.460:ERROR:process_reader_win.cc(233)] ReadMemory at 0x7fff687f0000 of 64 bytes failed: 仅完成部分的 ReadProcessMemory 或 WriteProcessMemory 请求。 (0x12B)
[0717/202309.460:WARNING:pe_image_reader.cc(281)] could not read dos header from C:\WINDOWS\System32\SHELL32.dll
[0717/202309.460:ERROR:process_reader_win.cc(233)] ReadMemory at 0x7fff66d80000 of 64 bytes failed: 仅完成部分的 ReadProcessMemory 或 WriteProcessMemory 请求。 (0x12B)
[0717/202309.460:WARNING:pe_image_reader.cc(281)] could not read dos header from C:\WINDOWS\SYSTEM32\USERENV.dll
[0717/202309.460:ERROR:process_reader_win.cc(233)] ReadMemory at 0x7fff5b9e0000 of 64 bytes failed: 仅完成部分的 ReadProcessMemory 或 WriteProcessMemory 请求。 (0x12B)
[0717/202309.460:WARNING:pe_image_reader.cc(281)] could not read dos header from C:\WINDOWS\SYSTEM32\MPR.dll
[0717/202309.460:ERROR:process_reader_win.cc(233)] ReadMemory at 0x7fff61060000 of 64 bytes failed: 仅完成部分的 ReadProcessMemory 或 WriteProcessMemory 请求。 (0x12B)
[0717/202309.460:WARNING:pe_image_reader.cc(281)] could not read dos header from C:\WINDOWS\SYSTEM32\VERSION.dll
[0717/202309.461:ERROR:process_reader_win.cc(233)] ReadMemory at 0x7fff3d780000 of 64 bytes failed: 仅完成部分的 ReadProcessMemory 或 WriteProcessMemory 请求。 (0x12B)
[0717/202309.461:WARNING:pe_image_reader.cc(281)] could not read dos header from C:\Program Files (x86)\Google\Chrome\Application\58.0.3029.110\chrome_elf.dll
[0717/202309.461:ERROR:process_reader_win.cc(233)] ReadMemory at 0x7fff6b190000 of 64 bytes failed: 仅完成部分的 ReadProcessMemory 或 WriteProcessMemory 请求。 (0x12B)
[0717/202309.461:WARNING:pe_image_reader.cc(281)] could not read dos header from C:\WINDOWS\System32\PSAPI.DLL
[0717/202309.461:ERROR:process_reader_win.cc(233)] ReadMemory at 0x7fff65580000 of 64 bytes failed: 仅完成部分的 ReadProcessMemory 或 WriteProcessMemory 请求。 (0x12B)
[0717/202309.461:WARNING:pe_image_reader.cc(281)] could not read dos header from C:\WINDOWS\SYSTEM32\WINMMBASE.dll
[0717/202309.461:ERROR:process_reader_win.cc(233)] ReadMemory at 0x7fff655e0000 of 64 bytes failed: 仅完成部分的 ReadProcessMemory 或 WriteProcessMemory 请求。 (0x12B)
[0717/202309.461:WARNING:pe_image_reader.cc(281)] could not read dos header from C:\WINDOWS\SYSTEM32\WINMM.dll
[0717/202309.461:ERROR:process_reader_win.cc(233)] ReadMemory at 0x7fff63db0000 of 64 bytes failed: 仅完成部分的 ReadProcessMemory 或 WriteProcessMemory 请求。 (0x12B)
[0717/202309.461:WARNING:pe_image_reader.cc(281)] could not read dos header from C:\WINDOWS\SYSTEM32\WINHTTP.dll
[0717/202309.461:ERROR:process_reader_win.cc(233)] ReadMemory at 0x7fff670a0000 of 64 bytes failed: 仅完成部分的 ReadProcessMemory 或 WriteProcessMemory 请求。 (0x12B)
[0717/202309.461:WARNING:pe_image_reader.cc(281)] could not read dos header from C:\WINDOWS\SYSTEM32\CRYPTBASE.DLL
[0717/202309.461:ERROR:process_reader_win.cc(233)] ReadMemory at 0x7fff681c0000 of 64 bytes failed: 仅完成部分的 ReadProcessMemory 或 WriteProcessMemory 请求。 (0x12B)
[0717/202309.461:WARNING:pe_image_reader.cc(281)] could not read dos header from C:\WINDOWS\System32\msvcp_win.dll
[0717/202309.461:ERROR:process_reader_win.cc(233)] ReadMemory at 0x7fff68730000 of 64 bytes failed: 仅完成部分的 ReadProcessMemory 或 WriteProcessMemory 请求。 (0x12B)
[0717/202309.461:WARNING:pe_image_reader.cc(281)] could not read dos header from C:\WINDOWS\System32\OLEAUT32.dll
[0717/202309.461:ERROR:process_reader_win.cc(233)] ReadMemory at 0x7fff5b340000 of 64 bytes failed: 仅完成部分的 ReadProcessMemory 或 WriteProcessMemory 请求。 (0x12B)
[0717/202309.461:WARNING:pe_image_reader.cc(281)] could not read dos header from C:\WINDOWS\SYSTEM32\ninput.dll
[0717/202309.461:ERROR:process_reader_win.cc(233)] ReadMemory at 0x6cab0000 of 64 bytes failed: 仅完成部分的 ReadProcessMemory 或 WriteProcessMemory 请求。 (0x12B)
[0717/202309.461:WARNING:pe_image_reader.cc(281)] could not read dos header from D:\Program Files (x86)\360\360safe\safemon\SafeWrapper.dll
[0717/202309.461:ERROR:process_reader_win.cc(233)] ReadMemory at 0x24434b60000 of 64 bytes failed: 仅完成部分的 ReadProcessMemory 或 WriteProcessMemory 请求。 (0x12B)
[0717/202309.461:WARNING:pe_image_reader.cc(281)] could not read dos header from C:\WINDOWS\System32\WS2_32.dll
[0717/202309.461:ERROR:process_reader_win.cc(233)] ReadMemory at 0x24434bd0000 of 64 bytes failed: 仅完成部分的 ReadProcessMemory 或 WriteProcessMemory 请求。 (0x12B)
[0717/202309.461:WARNING:pe_image_reader.cc(281)] could not read dos header from C:\WINDOWS\System32\imagehlp.dll
[0717/202309.461:ERROR:process_reader_win.cc(233)] ReadMemory at 0x7fff565f0000 of 64 bytes failed: 仅完成部分的 ReadProcessMemory 或 WriteProcessMemory 请求。 (0x12B)
[0717/202309.461:WARNING:pe_image_reader.cc(281)] could not read dos header from C:\WINDOWS\SYSTEM32\NETAPI32.dll
[0717/202309.461:ERROR:process_reader_win.cc(233)] ReadMemory at 0x7fff671b0000 of 64 bytes failed: 仅完成部分的 ReadProcessMemory 或 WriteProcessMemory 请求。 (0x12B)
[0717/202309.461:WARNING:pe_image_reader.cc(281)] could not read dos header from C:\WINDOWS\SYSTEM32\bcrypt.dll
[0717/202309.461:ERROR:process_reader_win.cc(233)] ReadMemory at 0x7fff611e0000 of 64 bytes failed: 仅完成部分的 ReadProcessMemory 或 WriteProcessMemory 请求。 (0x12B)
[0717/202309.461:WARNING:pe_image_reader.cc(281)] could not read dos header from C:\WINDOWS\SYSTEM32\WKSCLI.DLL
[0717/202309.461:ERROR:process_reader_win.cc(233)] ReadMemory at 0x7fff66d70000 of 64 bytes failed: 仅完成部分的 ReadProcessMemory 或 WriteProcessMemory 请求。 (0x12B)
[0717/202309.461:WARNING:pe_image_reader.cc(281)] could not read dos header from C:\WINDOWS\SYSTEM32\NETUTILS.DLL
[0717/202309.461:ERROR:process_reader_win.cc(233)] ReadMemory at 0x6baf0000 of 64 bytes failed: 仅完成部分的 ReadProcessMemory 或 WriteProcessMemory 请求。 (0x12B)
[0717/202309.461:WARNING:pe_image_reader.cc(281)] could not read dos header from D:\Program Files (x86)\360\360safe\safemon\safemon64.dll
[0717/202309.461:ERROR:process_reader_win.cc(233)] ReadMemory at 0x7fff67600000 of 64 bytes failed: 仅完成部分的 ReadProcessMemory 或 WriteProcessMemory 请求。 (0x12B)
[0717/202309.461:WARNING:pe_image_reader.cc(281)] could not read dos header from C:\WINDOWS\System32\MSASN1.dll
[0717/202309.461:ERROR:process_reader_win.cc(233)] ReadMemory at 0x7fff68320000 of 64 bytes failed: 仅完成部分的 ReadProcessMemory 或 WriteProcessMemory 请求。 (0x12B)
[0717/202309.461:WARNING:pe_image_reader.cc(281)] could not read dos header from C:\WINDOWS\System32\CRYPT32.dll
[0717/202309.462:ERROR:process_reader_win.cc(233)] ReadMemory at 0x7fff67740000 of 64 bytes failed: 仅完成部分的 ReadProcessMemory 或 WriteProcessMemory 请求。 (0x12B)
[0717/202309.462:WARNING:pe_image_reader.cc(281)] could not read dos header from C:\WINDOWS\System32\WINTRUST.DLL
[0717/202309.462:ERROR:process_reader_win.cc(233)] ReadMemory at 0x7fff670b0000 of 64 bytes failed: 仅完成部分的 ReadProcessMemory 或 WriteProcessMemory 请求。 (0x12B)
[0717/202309.462:WARNING:pe_image_reader.cc(281)] could not read dos header from C:\WINDOWS\SYSTEM32\CRYPTSP.dll
[0717/202309.462:ERROR:process_reader_win.cc(233)] ReadMemory at 0x7fff66b10000 of 64 bytes failed: 仅完成部分的 ReadProcessMemory 或 WriteProcessMemory 请求。 (0x12B)
[0717/202309.462:WARNING:pe_image_reader.cc(281)] could not read dos header from C:\WINDOWS\system32\rsaenh.dll
[0717/202309.462:ERROR:process_reader_win.cc(233)] ReadMemory at 0x7fff5d800000 of 64 bytes failed: 仅完成部分的 ReadProcessMemory 或 WriteProcessMemory 请求。 (0x12B)
[0717/202309.462:WARNING:pe_image_reader.cc(281)] could not read dos header from C:\WINDOWS\WinSxS\amd64_microsoft.windows.common-controls_6595b64144ccf1df_6.0.14393.447_none_42191651c6827bb3\COMCTL32.dll
[0717/202309.462:ERROR:process_reader_win.cc(233)] ReadMemory at 0x7fff6a560000 of 64 bytes failed: 仅完成部分的 ReadProcessMemory 或 WriteProcessMemory 请求。 (0x12B)
[0717/202309.462:WARNING:pe_image_reader.cc(281)] could not read dos header from C:\WINDOWS\System32\COMDLG32.dll
[0717/202309.462:ERROR:process_reader_win.cc(233)] ReadMemory at 0x7fff61de0000 of 64 bytes failed: 仅完成部分的 ReadProcessMemory 或 WriteProcessMemory 请求。 (0x12B)
[0717/202309.462:WARNING:pe_image_reader.cc(281)] could not read dos header from C:\WINDOWS\SYSTEM32\dbghelp.dll
[0717/202309.462:ERROR:process_reader_win.cc(233)] ReadMemory at 0x7fff51a30000 of 64 bytes failed: 仅完成部分的 ReadProcessMemory 或 WriteProcessMemory 请求。 (0x12B)
[0717/202309.462:WARNING:pe_image_reader.cc(281)] could not read dos header from C:\WINDOWS\SYSTEM32\USP10.dll
[0717/202309.462:ERROR:process_reader_win.cc(233)] ReadMemory at 0x7fff61090000 of 64 bytes failed: 仅完成部分的 ReadProcessMemory 或 WriteProcessMemory 请求。 (0x12B)
[0717/202309.462:WARNING:pe_image_reader.cc(281)] could not read dos header from C:\WINDOWS\SYSTEM32\WINSPOOL.DRV
[0717/202309.462:ERROR:process_reader_win.cc(233)] ReadMemory at 0x7fff66c90000 of 64 bytes failed: 仅完成部分的 ReadProcessMemory 或 WriteProcessMemory 请求。 (0x12B)
[0717/202309.462:WARNING:pe_image_reader.cc(281)] could not read dos header from C:\WINDOWS\SYSTEM32\IPHLPAPI.DLL
[0717/202309.462:ERROR:process_reader_win.cc(233)] ReadMemory at 0x7fff63da0000 of 64 bytes failed: 仅完成部分的 ReadProcessMemory 或 WriteProcessMemory 请求。 (0x12B)
[0717/202309.462:WARNING:pe_image_reader.cc(281)] could not read dos header from C:\WINDOWS\SYSTEM32\Secur32.dll
[0717/202309.462:ERROR:process_reader_win.cc(233)] ReadMemory at 0x7fff5cbb0000 of 64 bytes failed: 仅完成部分的 ReadProcessMemory 或 WriteProcessMemory 请求。 (0x12B)
[0717/202309.462:WARNING:pe_image_reader.cc(281)] could not read dos header from C:\WINDOWS\SYSTEM32\DWrite.dll
[0717/202309.462:ERROR:process_reader_win.cc(233)] ReadMemory at 0x7fff29660000 of 64 bytes failed: 仅完成部分的 ReadProcessMemory 或 WriteProcessMemory 请求。 (0x12B)
[0717/202309.462:WARNING:pe_image_reader.cc(281)] could not read dos header from C:\Program Files (x86)\Google\Chrome\Application\58.0.3029.110\chrome_child.dll
[0717/202309.462:ERROR:process_reader_win.cc(233)] ReadMemory at 0x7ff7b6be0000 of 64 bytes failed: 仅完成部分的 ReadProcessMemory 或 WriteProcessMemory 请求。 (0x12B)
[0717/202309.462:WARNING:pe_image_reader.cc(281)] could not read dos header from C:\Program Files (x86)\Google\Chrome\Application\chrome.exe
[0717/202309.462:ERROR:process_reader_win.cc(233)] ReadMemory at 0x7fff6b1a0000 of 64 bytes failed: 仅完成部分的 ReadProcessMemory 或 WriteProcessMemory 请求。 (0x12B)
[0717/202309.462:WARNING:pe_image_reader.cc(281)] could not read dos header from C:\WINDOWS\SYSTEM32\ntdll.dll
[0717/202309.462:ERROR:process_reader_win.cc(233)] ReadMemory at 0x7fff68510000 of 64 bytes failed: 仅完成部分的 ReadProcessMemory 或 WriteProcessMemory 请求。 (0x12B)
[0717/202309.462:WARNING:pe_image_reader.cc(281)] could not read dos header from C:\WINDOWS\System32\KERNELBASE.dll
[0717/202309.462:ERROR:process_reader_win.cc(233)] ReadMemory at 0x7fff6a660000 of 64 bytes failed: 仅完成部分的 ReadProcessMemory 或 WriteProcessMemory 请求。 (0x12B)
[0717/202309.462:WARNING:pe_image_reader.cc(281)] could not read dos header from C:\WINDOWS\System32\KERNEL32.DLL
[0717/202309.462:ERROR:process_reader_win.cc(233)] ReadMemory at 0x7fff65b80000 of 64 bytes failed: 仅完成部分的 ReadProcessMemory 或 WriteProcessMemory 请求。 (0x12B)
[0717/202309.462:WARNING:pe_image_reader.cc(281)] could not read dos header from C:\WINDOWS\system32\apphelp.dll
[0717/202309.462:ERROR:process_reader_win.cc(233)] ReadMemory at 0x7fff4c530000 of 64 bytes failed: 仅完成部分的 ReadProcessMemory 或 WriteProcessMemory 请求。 (0x12B)
[0717/202309.462:WARNING:pe_image_reader.cc(281)] could not read dos header from C:\WINDOWS\AppPatch\AppPatch64\AcGenral.dll
[0717/202309.463:ERROR:process_reader_win.cc(233)] ReadMemory at 0x7fff6abc0000 of 64 bytes failed: 仅完成部分的 ReadProcessMemory 或 WriteProcessMemory 请求。 (0x12B)
[0717/202309.463:WARNING:pe_image_reader.cc(281)] could not read dos header from C:\WINDOWS\System32\msvcrt.dll
[0717/202309.463:ERROR:process_reader_win.cc(233)] ReadMemory at 0x7fff69ed0000 of 64 bytes failed: 仅完成部分的 ReadProcessMemory 或 WriteProcessMemory 请求。 (0x12B)
[0717/202309.463:WARNING:pe_image_reader.cc(281)] could not read dos header from C:\WINDOWS\System32\RPCRT4.dll
[0717/202309.463:ERROR:process_reader_win.cc(233)] ReadMemory at 0x7fff6b0f0000 of 64 bytes failed: 仅完成部分的 ReadProcessMemory 或 WriteProcessMemory 请求。 (0x12B)
[0717/202309.463:WARNING:pe_image_reader.cc(281)] could not read dos header from C:\WINDOWS\System32\sechost.dll
[0717/202309.463:ERROR:process_reader_win.cc(233)] ReadMemory at 0x7fff672d0000 of 64 bytes failed: 仅完成部分的 ReadProcessMemory 或 WriteProcessMemory 请求。 (0x12B)
[0717/202309.463:WARNING:pe_image_reader.cc(281)] could not read dos header from C:\WINDOWS\SYSTEM32\SspiCli.dll
[0717/202309.463:ERROR:process_reader_win.cc(233)] ReadMemory at 0x7fff677a0000 of 64 bytes failed: 仅完成部分的 ReadProcessMemory 或 WriteProcessMemory 请求。 (0x12B)
[0717/202309.463:WARNING:pe_image_reader.cc(281)] could not read dos header from C:\WINDOWS\System32\ucrtbase.dll
[0717/202309.463:ERROR:process_reader_win.cc(233)] ReadMemory at 0x7fff68260000 of 64 bytes failed: 仅完成部分的 ReadProcessMemory 或 WriteProcessMemory 请求。 (0x12B)
[0717/202309.463:WARNING:pe_image_reader.cc(281)] could not read dos header from C:\WINDOWS\System32\bcryptPrimitives.dll
[0717/202309.463:ERROR:process_reader_win.cc(233)] ReadMemory at 0x7fff6a730000 of 64 bytes failed: 仅完成部分的 ReadProcessMemory 或 WriteProcessMemory 请求。 (0x12B)
[0717/202309.463:WARNING:pe_image_reader.cc(281)] could not read dos header from C:\WINDOWS\System32\combase.dll
[0717/202309.463:ERROR:process_reader_win.cc(233)] ReadMemory at 0x7fff684f0000 of 64 bytes failed: 仅完成部分的 ReadProcessMemory 或 WriteProcessMemory 请求。 (0x12B)
[0717/202309.463:WARNING:pe_image_reader.cc(281)] could not read dos header from C:\WINDOWS\System32\win32u.dll
[0717/202309.463:ERROR:process_reader_win.cc(233)] ReadMemory at 0x7fff69d60000 of 64 bytes failed: 仅完成部分的 ReadProcessMemory 或 WriteProcessMemory 请求。 (0x12B)
[0717/202309.463:WARNING:pe_image_reader.cc(281)] could not read dos header from C:\WINDOWS\System32\USER32.dll
[0717/202309.463:ERROR:process_reader_win.cc(233)] ReadMemory at 0x7fff68030000 of 64 bytes failed: 仅完成部分的 ReadProcessMemory 或 WriteProcessMemory 请求。 (0x12B)
[0717/202309.463:WARNING:pe_image_reader.cc(281)] could not read dos header from C:\WINDOWS\System32\gdi32full.dll
[0717/202309.463:ERROR:process_reader_win.cc(233)] ReadMemory at 0x7fff6aa10000 of 64 bytes failed: 仅完成部分的 ReadProcessMemory 或 WriteProcessMemory 请求。 (0x12B)
[0717/202309.463:WARNING:pe_image_reader.cc(281)] could not read dos header from C:\WINDOWS\System32\GDI32.dll
[0717/202309.463:ERROR:process_reader_win.cc(233)] ReadMemory at 0x7fff6b150000 of 64 bytes failed: 仅完成部分的 ReadProcessMemory 或 WriteProcessMemory 请求。 (0x12B)
[0717/202309.463:WARNING:pe_image_reader.cc(281)] could not read dos header from C:\WINDOWS\System32\IMM32.DLL
[0717/202309.463:ERROR:process_reader_win.cc(233)] ReadMemory at 0x7fff6ab60000 of 64 bytes failed: 仅完成部分的 ReadProcessMemory 或 WriteProcessMemory 请求。 (0x12B)
[0717/202309.463:WARNING:pe_image_reader.cc(281)] could not read dos header from C:\WINDOWS\System32\SHLWAPI.dll
[0717/202309.463:ERROR:process_reader_win.cc(233)] ReadMemory at 0x7fff6a0b0000 of 64 bytes failed: 仅完成部分的 ReadProcessMemory 或 WriteProcessMemory 请求。 (0x12B)
[0717/202309.463:WARNING:pe_image_reader.cc(281)] could not read dos header from C:\WINDOWS\System32\ole32.dll
[0717/202309.463:ERROR:process_reader_win.cc(233)] ReadMemory at 0x7fff682d0000 of 64 bytes failed: 仅完成部分的 ReadProcessMemory 或 WriteProcessMemory 请求。 (0x12B)
[0717/202309.463:WARNING:pe_image_reader.cc(281)] could not read dos header from C:\WINDOWS\System32\cfgmgr32.dll
[0717/202309.463:ERROR:process_reader_win.cc(233)] ReadMemory at 0x7fff67610000 of 64 bytes failed: 仅完成部分的 ReadProcessMemory 或 WriteProcessMemory 请求。 (0x12B)
[0717/202309.463:WARNING:pe_image_reader.cc(281)] could not read dos header from C:\WINDOWS\System32\powrprof.dll
[0717/202309.463:ERROR:process_reader_win.cc(233)] ReadMemory at 0x24434900000 of 64 bytes failed: 仅完成部分的 ReadProcessMemory 或 WriteProcessMemory 请求。 (0x12B)
[0717/202309.463:WARNING:pe_image_reader.cc(281)] could not read dos header from C:\WINDOWS\System32\advapi32.dll
[0717/202309.463:ERROR:process_reader_win.cc(233)] ReadMemory at 0x7fff67660000 of 64 bytes failed: 仅完成部分的 ReadProcessMemory 或 WriteProcessMemory 请求。 (0x12B)
[0717/202309.463:WARNING:pe_image_reader.cc(281)] could not read dos header from C:\WINDOWS\System32\kernel.appcore.dll
[0717/202309.463:ERROR:process_reader_win.cc(233)] ReadMemory at 0x7fff67690000 of 64 bytes failed: 仅完成部分的 ReadProcessMemory 或 WriteProcessMemory 请求。 (0x12B)
[0717/202309.463:WARNING:pe_image_reader.cc(281)] could not read dos header from C:\WINDOWS\System32\shcore.dll
[0717/202309.463:ERROR:process_reader_win.cc(233)] ReadMemory at 0x7fff67670000 of 64 bytes failed: 仅完成部分的 ReadProcessMemory 或 WriteProcessMemory 请求。 (0x12B)
[0717/202309.464:WARNING:pe_image_reader.cc(281)] could not read dos header from C:\WINDOWS\System32\profapi.dll
[0717/202309.464:ERROR:process_reader_win.cc(233)] ReadMemory at 0x7fff67950000 of 64 bytes failed: 仅完成部分的 ReadProcessMemory 或 WriteProcessMemory 请求。 (0x12B)
[0717/202309.464:WARNING:pe_image_reader.cc(281)] could not read dos header from C:\WINDOWS\System32\windows.storage.dll
[0717/202309.464:ERROR:process_reader_win.cc(233)] ReadMemory at 0x7fff687f0000 of 64 bytes failed: 仅完成部分的 ReadProcessMemory 或 WriteProcessMemory 请求。 (0x12B)
[0717/202309.464:WARNING:pe_image_reader.cc(281)] could not read dos header from C:\WINDOWS\System32\SHELL32.dll
[0717/202309.464:ERROR:process_reader_win.cc(233)] ReadMemory at 0x7fff66d80000 of 64 bytes failed: 仅完成部分的 ReadProcessMemory 或 WriteProcessMemory 请求。 (0x12B)
[0717/202309.464:WARNING:pe_image_reader.cc(281)] could not read dos header from C:\WINDOWS\SYSTEM32\USERENV.dll
[0717/202309.464:ERROR:process_reader_win.cc(233)] ReadMemory at 0x7fff5b9e0000 of 64 bytes failed: 仅完成部分的 ReadProcessMemory 或 WriteProcessMemory 请求。 (0x12B)
[0717/202309.464:WARNING:pe_image_reader.cc(281)] could not read dos header from C:\WINDOWS\SYSTEM32\MPR.dll
[0717/202309.464:ERROR:process_reader_win.cc(233)] ReadMemory at 0x7fff61060000 of 64 bytes failed: 仅完成部分的 ReadProcessMemory 或 WriteProcessMemory 请求。 (0x12B)
[0717/202309.464:WARNING:pe_image_reader.cc(281)] could not read dos header from C:\WINDOWS\SYSTEM32\VERSION.dll
[0717/202309.464:ERROR:process_reader_win.cc(233)] ReadMemory at 0x7fff3d780000 of 64 bytes failed: 仅完成部分的 ReadProcessMemory 或 WriteProcessMemory 请求。 (0x12B)
[0717/202309.464:WARNING:pe_image_reader.cc(281)] could not read dos header from C:\Program Files (x86)\Google\Chrome\Application\58.0.3029.110\chrome_elf.dll
[0717/202309.464:ERROR:process_reader_win.cc(233)] ReadMemory at 0x7fff6b190000 of 64 bytes failed: 仅完成部分的 ReadProcessMemory 或 WriteProcessMemory 请求。 (0x12B)
[0717/202309.464:WARNING:pe_image_reader.cc(281)] could not read dos header from C:\WINDOWS\System32\PSAPI.DLL
[0717/202309.464:ERROR:process_reader_win.cc(233)] ReadMemory at 0x7fff65580000 of 64 bytes failed: 仅完成部分的 ReadProcessMemory 或 WriteProcessMemory 请求。 (0x12B)
[0717/202309.464:WARNING:pe_image_reader.cc(281)] could not read dos header from C:\WINDOWS\SYSTEM32\WINMMBASE.dll
[0717/202309.464:ERROR:process_reader_win.cc(233)] ReadMemory at 0x7fff655e0000 of 64 bytes failed: 仅完成部分的 ReadProcessMemory 或 WriteProcessMemory 请求。 (0x12B)
[0717/202309.464:WARNING:pe_image_reader.cc(281)] could not read dos header from C:\WINDOWS\SYSTEM32\WINMM.dll
[0717/202309.464:ERROR:process_reader_win.cc(233)] ReadMemory at 0x7fff63db0000 of 64 bytes failed: 仅完成部分的 ReadProcessMemory 或 WriteProcessMemory 请求。 (0x12B)
[0717/202309.464:WARNING:pe_image_reader.cc(281)] could not read dos header from C:\WINDOWS\SYSTEM32\WINHTTP.dll
[0717/202309.464:ERROR:process_reader_win.cc(233)] ReadMemory at 0x7fff670a0000 of 64 bytes failed: 仅完成部分的 ReadProcessMemory 或 WriteProcessMemory 请求。 (0x12B)
[0717/202309.464:WARNING:pe_image_reader.cc(281)] could not read dos header from C:\WINDOWS\SYSTEM32\CRYPTBASE.DLL
[0717/202309.464:ERROR:process_reader_win.cc(233)] ReadMemory at 0x7fff681c0000 of 64 bytes failed: 仅完成部分的 ReadProcessMemory 或 WriteProcessMemory 请求。 (0x12B)
[0717/202309.464:WARNING:pe_image_reader.cc(281)] could not read dos header from C:\WINDOWS\System32\msvcp_win.dll
[0717/202309.464:ERROR:process_reader_win.cc(233)] ReadMemory at 0x7fff68730000 of 64 bytes failed: 仅完成部分的 ReadProcessMemory 或 WriteProcessMemory 请求。 (0x12B)
[0717/202309.464:WARNING:pe_image_reader.cc(281)] could not read dos header from C:\WINDOWS\System32\OLEAUT32.dll
[0717/202309.464:ERROR:process_reader_win.cc(233)] ReadMemory at 0x7fff5b340000 of 64 bytes failed: 仅完成部分的 ReadProcessMemory 或 WriteProcessMemory 请求。 (0x12B)
[0717/202309.464:WARNING:pe_image_reader.cc(281)] could not read dos header from C:\WINDOWS\SYSTEM32\ninput.dll
[0717/202309.464:ERROR:process_reader_win.cc(233)] ReadMemory at 0x6cab0000 of 64 bytes failed: 仅完成部分的 ReadProcessMemory 或 WriteProcessMemory 请求。 (0x12B)
[0717/202309.464:WARNING:pe_image_reader.cc(281)] could not read dos header from D:\Program Files (x86)\360\360safe\safemon\SafeWrapper.dll
[0717/202309.464:ERROR:process_reader_win.cc(233)] ReadMemory at 0x24434b60000 of 64 bytes failed: 仅完成部分的 ReadProcessMemory 或 WriteProcessMemory 请求。 (0x12B)
[0717/202309.464:WARNING:pe_image_reader.cc(281)] could not read dos header from C:\WINDOWS\System32\WS2_32.dll
[0717/202309.464:ERROR:process_reader_win.cc(233)] ReadMemory at 0x24434bd0000 of 64 bytes failed: 仅完成部分的 ReadProcessMemory 或 WriteProcessMemory 请求。 (0x12B)
[0717/202309.464:WARNING:pe_image_reader.cc(281)] could not read dos header from C:\WINDOWS\System32\imagehlp.dll
[0717/202309.464:ERROR:process_reader_win.cc(233)] ReadMemory at 0x7fff565f0000 of 64 bytes failed: 仅完成部分的 ReadProcessMemory 或 WriteProcessMemory 请求。 (0x12B)
[0717/202309.464:WARNING:pe_image_reader.cc(281)] could not read dos header from C:\WINDOWS\SYSTEM32\NETAPI32.dll
[0717/202309.464:ERROR:process_reader_win.cc(233)] ReadMemory at 0x7fff671b0000 of 64 bytes failed: 仅完成部分的 ReadProcessMemory 或 WriteProcessMemory 请求。 (0x12B)
[0717/202309.464:WARNING:pe_image_reader.cc(281)] could not read dos header from C:\WINDOWS\SYSTEM32\bcrypt.dll
[0717/202309.464:ERROR:process_reader_win.cc(233)] ReadMemory at 0x7fff611e0000 of 64 bytes failed: 仅完成部分的 ReadProcessMemory 或 WriteProcessMemory 请求。 (0x12B)
[0717/202309.464:WARNING:pe_image_reader.cc(281)] could not read dos header from C:\WINDOWS\SYSTEM32\WKSCLI.DLL
[0717/202309.465:ERROR:process_reader_win.cc(233)] ReadMemory at 0x7fff66d70000 of 64 bytes failed: 仅完成部分的 ReadProcessMemory 或 WriteProcessMemory 请求。 (0x12B)
[0717/202309.465:WARNING:pe_image_reader.cc(281)] could not read dos header from C:\WINDOWS\SYSTEM32\NETUTILS.DLL
[0717/202309.465:ERROR:process_reader_win.cc(233)] ReadMemory at 0x6baf0000 of 64 bytes failed: 仅完成部分的 ReadProcessMemory 或 WriteProcessMemory 请求。 (0x12B)
[0717/202309.465:WARNING:pe_image_reader.cc(281)] could not read dos header from D:\Program Files (x86)\360\360safe\safemon\safemon64.dll
[0717/202309.465:ERROR:process_reader_win.cc(233)] ReadMemory at 0x7fff67600000 of 64 bytes failed: 仅完成部分的 ReadProcessMemory 或 WriteProcessMemory 请求。 (0x12B)
[0717/202309.465:WARNING:pe_image_reader.cc(281)] could not read dos header from C:\WINDOWS\System32\MSASN1.dll
[0717/202309.465:ERROR:process_reader_win.cc(233)] ReadMemory at 0x7fff68320000 of 64 bytes failed: 仅完成部分的 ReadProcessMemory 或 WriteProcessMemory 请求。 (0x12B)
[0717/202309.465:WARNING:pe_image_reader.cc(281)] could not read dos header from C:\WINDOWS\System32\CRYPT32.dll
[0717/202309.465:ERROR:process_reader_win.cc(233)] ReadMemory at 0x7fff67740000 of 64 bytes failed: 仅完成部分的 ReadProcessMemory 或 WriteProcessMemory 请求。 (0x12B)
[0717/202309.465:WARNING:pe_image_reader.cc(281)] could not read dos header from C:\WINDOWS\System32\WINTRUST.DLL
[0717/202309.465:ERROR:process_reader_win.cc(233)] ReadMemory at 0x7fff670b0000 of 64 bytes failed: 仅完成部分的 ReadProcessMemory 或 WriteProcessMemory 请求。 (0x12B)
[0717/202309.465:WARNING:pe_image_reader.cc(281)] could not read dos header from C:\WINDOWS\SYSTEM32\CRYPTSP.dll
[0717/202309.465:ERROR:process_reader_win.cc(233)] ReadMemory at 0x7fff66b10000 of 64 bytes failed: 仅完成部分的 ReadProcessMemory 或 WriteProcessMemory 请求。 (0x12B)
[0717/202309.465:WARNING:pe_image_reader.cc(281)] could not read dos header from C:\WINDOWS\system32\rsaenh.dll
[0717/202309.465:ERROR:process_reader_win.cc(233)] ReadMemory at 0x7fff5d800000 of 64 bytes failed: 仅完成部分的 ReadProcessMemory 或 WriteProcessMemory 请求。 (0x12B)
[0717/202309.465:WARNING:pe_image_reader.cc(281)] could not read dos header from C:\WINDOWS\WinSxS\amd64_microsoft.windows.common-controls_6595b64144ccf1df_6.0.14393.447_none_42191651c6827bb3\COMCTL32.dll
[0717/202309.465:ERROR:process_reader_win.cc(233)] ReadMemory at 0x7fff6a560000 of 64 bytes failed: 仅完成部分的 ReadProcessMemory 或 WriteProcessMemory 请求。 (0x12B)
[0717/202309.465:WARNING:pe_image_reader.cc(281)] could not read dos header from C:\WINDOWS\System32\COMDLG32.dll
[0717/202309.465:ERROR:process_reader_win.cc(233)] ReadMemory at 0x7fff61de0000 of 64 bytes failed: 仅完成部分的 ReadProcessMemory 或 WriteProcessMemory 请求。 (0x12B)
[0717/202309.465:WARNING:pe_image_reader.cc(281)] could not read dos header from C:\WINDOWS\SYSTEM32\dbghelp.dll
[0717/202309.465:ERROR:process_reader_win.cc(233)] ReadMemory at 0x7fff51a30000 of 64 bytes failed: 仅完成部分的 ReadProcessMemory 或 WriteProcessMemory 请求。 (0x12B)
[0717/202309.465:WARNING:pe_image_reader.cc(281)] could not read dos header from C:\WINDOWS\SYSTEM32\USP10.dll
[0717/202309.465:ERROR:process_reader_win.cc(233)] ReadMemory at 0x7fff61090000 of 64 bytes failed: 仅完成部分的 ReadProcessMemory 或 WriteProcessMemory 请求。 (0x12B)
[0717/202309.465:WARNING:pe_image_reader.cc(281)] could not read dos header from C:\WINDOWS\SYSTEM32\WINSPOOL.DRV
[0717/202309.465:ERROR:process_reader_win.cc(233)] ReadMemory at 0x7fff66c90000 of 64 bytes failed: 仅完成部分的 ReadProcessMemory 或 WriteProcessMemory 请求。 (0x12B)
[0717/202309.465:WARNING:pe_image_reader.cc(281)] could not read dos header from C:\WINDOWS\SYSTEM32\IPHLPAPI.DLL
[0717/202309.465:ERROR:process_reader_win.cc(233)] ReadMemory at 0x7fff63da0000 of 64 bytes failed: 仅完成部分的 ReadProcessMemory 或 WriteProcessMemory 请求。 (0x12B)
[0717/202309.465:WARNING:pe_image_reader.cc(281)] could not read dos header from C:\WINDOWS\SYSTEM32\Secur32.dll
[0717/202309.465:ERROR:process_reader_win.cc(233)] ReadMemory at 0x7fff5cbb0000 of 64 bytes failed: 仅完成部分的 ReadProcessMemory 或 WriteProcessMemory 请求。 (0x12B)
[0717/202309.465:WARNING:pe_image_reader.cc(281)] could not read dos header from C:\WINDOWS\SYSTEM32\DWrite.dll
[0717/202309.465:ERROR:process_reader_win.cc(233)] ReadMemory at 0x7fff29660000 of 64 bytes failed: 仅完成部分的 ReadProcessMemory 或 WriteProcessMemory 请求。 (0x12B)
[0717/202309.465:WARNING:pe_image_reader.cc(281)] could not read dos header from C:\Program Files (x86)\Google\Chrome\Application\58.0.3029.110\chrome_child.dll
[0717/202309.466:ERROR:process_reader_win.cc(233)] ReadMemory at 0x7ff7b6be0000 of 64 bytes failed: 仅完成部分的 ReadProcessMemory 或 WriteProcessMemory 请求。 (0x12B)
[0717/202309.467:WARNING:pe_image_reader.cc(281)] could not read dos header from C:\Program Files (x86)\Google\Chrome\Application\chrome.exe
[0717/202309.467:ERROR:process_reader_win.cc(233)] ReadMemory at 0x7fff6b1a0000 of 64 bytes failed: 仅完成部分的 ReadProcessMemory 或 WriteProcessMemory 请求。 (0x12B)
[0717/202309.467:WARNING:pe_image_reader.cc(281)] could not read dos header from C:\WINDOWS\SYSTEM32\ntdll.dll
[0717/202309.467:ERROR:process_reader_win.cc(233)] ReadMemory at 0x7fff68510000 of 64 bytes failed: 仅完成部分的 ReadProcessMemory 或 WriteProcessMemory 请求。 (0x12B)
[0717/202309.467:WARNING:pe_image_reader.cc(281)] could not read dos header from C:\WINDOWS\System32\KERNELBASE.dll
[0717/202309.467:ERROR:process_reader_win.cc(233)] ReadMemory at 0x7fff6a660000 of 64 bytes failed: 仅完成部分的 ReadProcessMemory 或 WriteProcessMemory 请求。 (0x12B)
[0717/202309.467:WARNING:pe_image_reader.cc(281)] could not read dos header from C:\WINDOWS\System32\KERNEL32.DLL
[0717/202309.467:ERROR:process_reader_win.cc(233)] ReadMemory at 0x7fff65b80000 of 64 bytes failed: 仅完成部分的 ReadProcessMemory 或 WriteProcessMemory 请求。 (0x12B)
[0717/202309.467:WARNING:pe_image_reader.cc(281)] could not read dos header from C:\WINDOWS\system32\apphelp.dll
[0717/202309.467:ERROR:process_reader_win.cc(233)] ReadMemory at 0x7fff4c530000 of 64 bytes failed: 仅完成部分的 ReadProcessMemory 或 WriteProcessMemory 请求。 (0x12B)
[0717/202309.467:WARNING:pe_image_reader.cc(281)] could not read dos header from C:\WINDOWS\AppPatch\AppPatch64\AcGenral.dll
[0717/202309.467:ERROR:process_reader_win.cc(233)] ReadMemory at 0x7fff6abc0000 of 64 bytes failed: 仅完成部分的 ReadProcessMemory 或 WriteProcessMemory 请求。 (0x12B)
[0717/202309.467:WARNING:pe_image_reader.cc(281)] could not read dos header from C:\WINDOWS\System32\msvcrt.dll
[0717/202309.467:ERROR:process_reader_win.cc(233)] ReadMemory at 0x7fff69ed0000 of 64 bytes failed: 仅完成部分的 ReadProcessMemory 或 WriteProcessMemory 请求。 (0x12B)
[0717/202309.467:WARNING:pe_image_reader.cc(281)] could not read dos header from C:\WINDOWS\System32\RPCRT4.dll
[0717/202309.467:ERROR:process_reader_win.cc(233)] ReadMemory at 0x7fff6b0f0000 of 64 bytes failed: 仅完成部分的 ReadProcessMemory 或 WriteProcessMemory 请求。 (0x12B)
[0717/202309.467:WARNING:pe_image_reader.cc(281)] could not read dos header from C:\WINDOWS\System32\sechost.dll
[0717/202309.467:ERROR:process_reader_win.cc(233)] ReadMemory at 0x7fff672d0000 of 64 bytes failed: 仅完成部分的 ReadProcessMemory 或 WriteProcessMemory 请求。 (0x12B)
[0717/202309.467:WARNING:pe_image_reader.cc(281)] could not read dos header from C:\WINDOWS\SYSTEM32\SspiCli.dll
[0717/202309.467:ERROR:process_reader_win.cc(233)] ReadMemory at 0x7fff677a0000 of 64 bytes failed: 仅完成部分的 ReadProcessMemory 或 WriteProcessMemory 请求。 (0x12B)
[0717/202309.467:WARNING:pe_image_reader.cc(281)] could not read dos header from C:\WINDOWS\System32\ucrtbase.dll
[0717/202309.467:ERROR:process_reader_win.cc(233)] ReadMemory at 0x7fff68260000 of 64 bytes failed: 仅完成部分的 ReadProcessMemory 或 WriteProcessMemory 请求。 (0x12B)
[0717/202309.467:WARNING:pe_image_reader.cc(281)] could not read dos header from C:\WINDOWS\System32\bcryptPrimitives.dll
[0717/202309.467:ERROR:process_reader_win.cc(233)] ReadMemory at 0x7fff6a730000 of 64 bytes failed: 仅完成部分的 ReadProcessMemory 或 WriteProcessMemory 请求。 (0x12B)
[0717/202309.467:WARNING:pe_image_reader.cc(281)] could not read dos header from C:\WINDOWS\System32\combase.dll
[0717/202309.467:ERROR:process_reader_win.cc(233)] ReadMemory at 0x7fff684f0000 of 64 bytes failed: 仅完成部分的 ReadProcessMemory 或 WriteProcessMemory 请求。 (0x12B)
[0717/202309.467:WARNING:pe_image_reader.cc(281)] could not read dos header from C:\WINDOWS\System32\win32u.dll
[0717/202309.467:ERROR:process_reader_win.cc(233)] ReadMemory at 0x7fff69d60000 of 64 bytes failed: 仅完成部分的 ReadProcessMemory 或 WriteProcessMemory 请求。 (0x12B)
[0717/202309.467:WARNING:pe_image_reader.cc(281)] could not read dos header from C:\WINDOWS\System32\USER32.dll
[0717/202309.467:ERROR:process_reader_win.cc(233)] ReadMemory at 0x7fff68030000 of 64 bytes failed: 仅完成部分的 ReadProcessMemory 或 WriteProcessMemory 请求。 (0x12B)
[0717/202309.467:WARNING:pe_image_reader.cc(281)] could not read dos header from C:\WINDOWS\System32\gdi32full.dll
[0717/202309.467:ERROR:process_reader_win.cc(233)] ReadMemory at 0x7fff6aa10000 of 64 bytes failed: 仅完成部分的 ReadProcessMemory 或 WriteProcessMemory 请求。 (0x12B)
[0717/202309.467:WARNING:pe_image_reader.cc(281)] could not read dos header from C:\WINDOWS\System32\GDI32.dll
[0717/202309.467:ERROR:process_reader_win.cc(233)] ReadMemory at 0x7fff6b150000 of 64 bytes failed: 仅完成部分的 ReadProcessMemory 或 WriteProcessMemory 请求。 (0x12B)
[0717/202309.467:WARNING:pe_image_reader.cc(281)] could not read dos header from C:\WINDOWS\System32\IMM32.DLL
[0717/202309.468:ERROR:process_reader_win.cc(233)] ReadMemory at 0x7fff6ab60000 of 64 bytes failed: 仅完成部分的 ReadProcessMemory 或 WriteProcessMemory 请求。 (0x12B)
[0717/202309.468:WARNING:pe_image_reader.cc(281)] could not read dos header from C:\WINDOWS\System32\SHLWAPI.dll
[0717/202309.468:ERROR:process_reader_win.cc(233)] ReadMemory at 0x7fff6a0b0000 of 64 bytes failed: 仅完成部分的 ReadProcessMemory 或 WriteProcessMemory 请求。 (0x12B)
[0717/202309.468:WARNING:pe_image_reader.cc(281)] could not read dos header from C:\WINDOWS\System32\ole32.dll
[0717/202309.468:ERROR:process_reader_win.cc(233)] ReadMemory at 0x7fff682d0000 of 64 bytes failed: 仅完成部分的 ReadProcessMemory 或 WriteProcessMemory 请求。 (0x12B)
[0717/202309.468:WARNING:pe_image_reader.cc(281)] could not read dos header from C:\WINDOWS\System32\cfgmgr32.dll
[0717/202309.468:ERROR:process_reader_win.cc(233)] ReadMemory at 0x7fff67610000 of 64 bytes failed: 仅完成部分的 ReadProcessMemory 或 WriteProcessMemory 请求。 (0x12B)
[0717/202309.468:WARNING:pe_image_reader.cc(281)] could not read dos header from C:\WINDOWS\System32\powrprof.dll
[0717/202309.468:ERROR:process_reader_win.cc(233)] ReadMemory at 0x24434900000 of 64 bytes failed: 仅完成部分的 ReadProcessMemory 或 WriteProcessMemory 请求。 (0x12B)
[0717/202309.468:WARNING:pe_image_reader.cc(281)] could not read dos header from C:\WINDOWS\System32\advapi32.dll
[0717/202309.468:ERROR:process_reader_win.cc(233)] ReadMemory at 0x7fff67660000 of 64 bytes failed: 仅完成部分的 ReadProcessMemory 或 WriteProcessMemory 请求。 (0x12B)
[0717/202309.468:WARNING:pe_image_reader.cc(281)] could not read dos header from C:\WINDOWS\System32\kernel.appcore.dll
[0717/202309.468:ERROR:process_reader_win.cc(233)] ReadMemory at 0x7fff67690000 of 64 bytes failed: 仅完成部分的 ReadProcessMemory 或 WriteProcessMemory 请求。 (0x12B)
[0717/202309.468:WARNING:pe_image_reader.cc(281)] could not read dos header from C:\WINDOWS\System32\shcore.dll
[0717/202309.468:ERROR:process_reader_win.cc(233)] ReadMemory at 0x7fff67670000 of 64 bytes failed: 仅完成部分的 ReadProcessMemory 或 WriteProcessMemory 请求。 (0x12B)
[0717/202309.468:WARNING:pe_image_reader.cc(281)] could not read dos header from C:\WINDOWS\System32\profapi.dll
[0717/202309.468:ERROR:process_reader_win.cc(233)] ReadMemory at 0x7fff67950000 of 64 bytes failed: 仅完成部分的 ReadProcessMemory 或 WriteProcessMemory 请求。 (0x12B)
[0717/202309.468:WARNING:pe_image_reader.cc(281)] could not read dos header from C:\WINDOWS\System32\windows.storage.dll
[0717/202309.468:ERROR:process_reader_win.cc(233)] ReadMemory at 0x7fff687f0000 of 64 bytes failed: 仅完成部分的 ReadProcessMemory 或 WriteProcessMemory 请求。 (0x12B)
[0717/202309.468:WARNING:pe_image_reader.cc(281)] could not read dos header from C:\WINDOWS\System32\SHELL32.dll
[0717/202309.468:ERROR:process_reader_win.cc(233)] ReadMemory at 0x7fff66d80000 of 64 bytes failed: 仅完成部分的 ReadProcessMemory 或 WriteProcessMemory 请求。 (0x12B)
[0717/202309.468:WARNING:pe_image_reader.cc(281)] could not read dos header from C:\WINDOWS\SYSTEM32\USERENV.dll
[0717/202309.468:ERROR:process_reader_win.cc(233)] ReadMemory at 0x7fff5b9e0000 of 64 bytes failed: 仅完成部分的 ReadProcessMemory 或 WriteProcessMemory 请求。 (0x12B)
[0717/202309.468:WARNING:pe_image_reader.cc(281)] could not read dos header from C:\WINDOWS\SYSTEM32\MPR.dll
[0717/202309.468:ERROR:process_reader_win.cc(233)] ReadMemory at 0x7fff61060000 of 64 bytes failed: 仅完成部分的 ReadProcessMemory 或 WriteProcessMemory 请求。 (0x12B)
[0717/202309.468:WARNING:pe_image_reader.cc(281)] could not read dos header from C:\WINDOWS\SYSTEM32\VERSION.dll
[0717/202309.468:ERROR:process_reader_win.cc(233)] ReadMemory at 0x7fff3d780000 of 64 bytes failed: 仅完成部分的 ReadProcessMemory 或 WriteProcessMemory 请求。 (0x12B)
[0717/202309.468:WARNING:pe_image_reader.cc(281)] could not read dos header from C:\Program Files (x86)\Google\Chrome\Application\58.0.3029.110\chrome_elf.dll
[0717/202309.468:ERROR:process_reader_win.cc(233)] ReadMemory at 0x7fff6b190000 of 64 bytes failed: 仅完成部分的 ReadProcessMemory 或 WriteProcessMemory 请求。 (0x12B)
[0717/202309.469:WARNING:pe_image_reader.cc(281)] could not read dos header from C:\WINDOWS\System32\PSAPI.DLL
[0717/202309.469:ERROR:process_reader_win.cc(233)] ReadMemory at 0x7fff65580000 of 64 bytes failed: 仅完成部分的 ReadProcessMemory 或 WriteProcessMemory 请求。 (0x12B)
[0717/202309.469:WARNING:pe_image_reader.cc(281)] could not read dos header from C:\WINDOWS\SYSTEM32\WINMMBASE.dll
[0717/202309.469:ERROR:process_reader_win.cc(233)] ReadMemory at 0x7fff655e0000 of 64 bytes failed: 仅完成部分的 ReadProcessMemory 或 WriteProcessMemory 请求。 (0x12B)
[0717/202309.469:WARNING:pe_image_reader.cc(281)] could not read dos header from C:\WINDOWS\SYSTEM32\WINMM.dll
[0717/202309.469:ERROR:process_reader_win.cc(233)] ReadMemory at 0x7fff63db0000 of 64 bytes failed: 仅完成部分的 ReadProcessMemory 或 WriteProcessMemory 请求。 (0x12B)
[0717/202309.469:WARNING:pe_image_reader.cc(281)] could not read dos header from C:\WINDOWS\SYSTEM32\WINHTTP.dll
[0717/202309.469:ERROR:process_reader_win.cc(233)] ReadMemory at 0x7fff670a0000 of 64 bytes failed: 仅完成部分的 ReadProcessMemory 或 WriteProcessMemory 请求。 (0x12B)
[0717/202309.469:WARNING:pe_image_reader.cc(281)] could not read dos header from C:\WINDOWS\SYSTEM32\CRYPTBASE.DLL
[0717/202309.469:ERROR:process_reader_win.cc(233)] ReadMemory at 0x7fff681c0000 of 64 bytes failed: 仅完成部分的 ReadProcessMemory 或 WriteProcessMemory 请求。 (0x12B)
[0717/202309.469:WARNING:pe_image_reader.cc(281)] could not read dos header from C:\WINDOWS\System32\msvcp_win.dll
[0717/202309.469:ERROR:process_reader_win.cc(233)] ReadMemory at 0x7fff68730000 of 64 bytes failed: 仅完成部分的 ReadProcessMemory 或 WriteProcessMemory 请求。 (0x12B)
[0717/202309.469:WARNING:pe_image_reader.cc(281)] could not read dos header from C:\WINDOWS\System32\OLEAUT32.dll
[0717/202309.469:ERROR:process_reader_win.cc(233)] ReadMemory at 0x7fff5b340000 of 64 bytes failed: 仅完成部分的 ReadProcessMemory 或 WriteProcessMemory 请求。 (0x12B)
[0717/202309.469:WARNING:pe_image_reader.cc(281)] could not read dos header from C:\WINDOWS\SYSTEM32\ninput.dll
[0717/202309.469:ERROR:process_reader_win.cc(233)] ReadMemory at 0x6cab0000 of 64 bytes failed: 仅完成部分的 ReadProcessMemory 或 WriteProcessMemory 请求。 (0x12B)
[0717/202309.469:WARNING:pe_image_reader.cc(281)] could not read dos header from D:\Program Files (x86)\360\360safe\safemon\SafeWrapper.dll
[0717/202309.469:ERROR:process_reader_win.cc(233)] ReadMemory at 0x24434b60000 of 64 bytes failed: 仅完成部分的 ReadProcessMemory 或 WriteProcessMemory 请求。 (0x12B)
[0717/202309.469:WARNING:pe_image_reader.cc(281)] could not read dos header from C:\WINDOWS\System32\WS2_32.dll
[0717/202309.469:ERROR:process_reader_win.cc(233)] ReadMemory at 0x24434bd0000 of 64 bytes failed: 仅完成部分的 ReadProcessMemory 或 WriteProcessMemory 请求。 (0x12B)
[0717/202309.469:WARNING:pe_image_reader.cc(281)] could not read dos header from C:\WINDOWS\System32\imagehlp.dll
[0717/202309.469:ERROR:process_reader_win.cc(233)] ReadMemory at 0x7fff565f0000 of 64 bytes failed: 仅完成部分的 ReadProcessMemory 或 WriteProcessMemory 请求。 (0x12B)
[0717/202309.469:WARNING:pe_image_reader.cc(281)] could not read dos header from C:\WINDOWS\SYSTEM32\NETAPI32.dll
[0717/202309.469:ERROR:process_reader_win.cc(233)] ReadMemory at 0x7fff671b0000 of 64 bytes failed: 仅完成部分的 ReadProcessMemory 或 WriteProcessMemory 请求。 (0x12B)
[0717/202309.469:WARNING:pe_image_reader.cc(281)] could not read dos header from C:\WINDOWS\SYSTEM32\bcrypt.dll
[0717/202309.470:ERROR:process_reader_win.cc(233)] ReadMemory at 0x7fff611e0000 of 64 bytes failed: 仅完成部分的 ReadProcessMemory 或 WriteProcessMemory 请求。 (0x12B)
[0717/202309.470:WARNING:pe_image_reader.cc(281)] could not read dos header from C:\WINDOWS\SYSTEM32\WKSCLI.DLL
[0717/202309.470:ERROR:process_reader_win.cc(233)] ReadMemory at 0x7fff66d70000 of 64 bytes failed: 仅完成部分的 ReadProcessMemory 或 WriteProcessMemory 请求。 (0x12B)
[0717/202309.470:WARNING:pe_image_reader.cc(281)] could not read dos header from C:\WINDOWS\SYSTEM32\NETUTILS.DLL
[0717/202309.470:ERROR:process_reader_win.cc(233)] ReadMemory at 0x6baf0000 of 64 bytes failed: 仅完成部分的 ReadProcessMemory 或 WriteProcessMemory 请求。 (0x12B)
[0717/202309.470:WARNING:pe_image_reader.cc(281)] could not read dos header from D:\Program Files (x86)\360\360safe\safemon\safemon64.dll
[0717/202309.470:ERROR:process_reader_win.cc(233)] ReadMemory at 0x7fff67600000 of 64 bytes failed: 仅完成部分的 ReadProcessMemory 或 WriteProcessMemory 请求。 (0x12B)
[0717/202309.470:WARNING:pe_image_reader.cc(281)] could not read dos header from C:\WINDOWS\System32\MSASN1.dll
[0717/202309.470:ERROR:process_reader_win.cc(233)] ReadMemory at 0x7fff68320000 of 64 bytes failed: 仅完成部分的 ReadProcessMemory 或 WriteProcessMemory 请求。 (0x12B)
[0717/202309.470:WARNING:pe_image_reader.cc(281)] could not read dos header from C:\WINDOWS\System32\CRYPT32.dll
[0717/202309.470:ERROR:process_reader_win.cc(233)] ReadMemory at 0x7fff67740000 of 64 bytes failed: 仅完成部分的 ReadProcessMemory 或 WriteProcessMemory 请求。 (0x12B)
[0717/202309.470:WARNING:pe_image_reader.cc(281)] could not read dos header from C:\WINDOWS\System32\WINTRUST.DLL
[0717/202309.470:ERROR:process_reader_win.cc(233)] ReadMemory at 0x7fff670b0000 of 64 bytes failed: 仅完成部分的 ReadProcessMemory 或 WriteProcessMemory 请求。 (0x12B)
[0717/202309.470:WARNING:pe_image_reader.cc(281)] could not read dos header from C:\WINDOWS\SYSTEM32\CRYPTSP.dll
[0717/202309.470:ERROR:process_reader_win.cc(233)] ReadMemory at 0x7fff66b10000 of 64 bytes failed: 仅完成部分的 ReadProcessMemory 或 WriteProcessMemory 请求。 (0x12B)
[0717/202309.470:WARNING:pe_image_reader.cc(281)] could not read dos header from C:\WINDOWS\system32\rsaenh.dll
[0717/202309.470:ERROR:process_reader_win.cc(233)] ReadMemory at 0x7fff5d800000 of 64 bytes failed: 仅完成部分的 ReadProcessMemory 或 WriteProcessMemory 请求。 (0x12B)
[0717/202309.470:WARNING:pe_image_reader.cc(281)] could not read dos header from C:\WINDOWS\WinSxS\amd64_microsoft.windows.common-controls_6595b64144ccf1df_6.0.14393.447_none_42191651c6827bb3\COMCTL32.dll
[0717/202309.470:ERROR:process_reader_win.cc(233)] ReadMemory at 0x7fff6a560000 of 64 bytes failed: 仅完成部分的 ReadProcessMemory 或 WriteProcessMemory 请求。 (0x12B)
[0717/202309.470:WARNING:pe_image_reader.cc(281)] could not read dos header from C:\WINDOWS\System32\COMDLG32.dll
[0717/202309.470:ERROR:process_reader_win.cc(233)] ReadMemory at 0x7fff61de0000 of 64 bytes failed: 仅完成部分的 ReadProcessMemory 或 WriteProcessMemory 请求。 (0x12B)
[0717/202309.470:WARNING:pe_image_reader.cc(281)] could not read dos header from C:\WINDOWS\SYSTEM32\dbghelp.dll
[0717/202309.470:ERROR:process_reader_win.cc(233)] ReadMemory at 0x7fff51a30000 of 64 bytes failed: 仅完成部分的 ReadProcessMemory 或 WriteProcessMemory 请求。 (0x12B)
[0717/202309.470:WARNING:pe_image_reader.cc(281)] could not read dos header from C:\WINDOWS\SYSTEM32\USP10.dll
[0717/202309.470:ERROR:process_reader_win.cc(233)] ReadMemory at 0x7fff61090000 of 64 bytes failed: 仅完成部分的 ReadProcessMemory 或 WriteProcessMemory 请求。 (0x12B)
[0717/202309.470:WARNING:pe_image_reader.cc(281)] could not read dos header from C:\WINDOWS\SYSTEM32\WINSPOOL.DRV
[0717/202309.470:ERROR:process_reader_win.cc(233)] ReadMemory at 0x7fff66c90000 of 64 bytes failed: 仅完成部分的 ReadProcessMemory 或 WriteProcessMemory 请求。 (0x12B)
[0717/202309.470:WARNING:pe_image_reader.cc(281)] could not read dos header from C:\WINDOWS\SYSTEM32\IPHLPAPI.DLL
[0717/202309.470:ERROR:process_reader_win.cc(233)] ReadMemory at 0x7fff63da0000 of 64 bytes failed: 仅完成部分的 ReadProcessMemory 或 WriteProcessMemory 请求。 (0x12B)
[0717/202309.470:WARNING:pe_image_reader.cc(281)] could not read dos header from C:\WINDOWS\SYSTEM32\Secur32.dll
[0717/202309.471:ERROR:process_reader_win.cc(233)] ReadMemory at 0x7fff5cbb0000 of 64 bytes failed: 仅完成部分的 ReadProcessMemory 或 WriteProcessMemory 请求。 (0x12B)
[0717/202309.471:WARNING:pe_image_reader.cc(281)] could not read dos header from C:\WINDOWS\SYSTEM32\DWrite.dll
[0717/202309.471:ERROR:process_reader_win.cc(233)] ReadMemory at 0x7fff29660000 of 64 bytes failed: 仅完成部分的 ReadProcessMemory 或 WriteProcessMemory 请求。 (0x12B)
[0717/202309.471:WARNING:pe_image_reader.cc(281)] could not read dos header from C:\Program Files (x86)\Google\Chrome\Application\58.0.3029.110\chrome_child.dll
[0717/202309.493:ERROR:process_reader_win.cc(233)] ReadMemory at 0xabbf5ee000 of 73728 bytes failed: 仅完成部分的 ReadProcessMemory 或 WriteProcessMemory 请求。 (0x12B)
[0717/202309.493:ERROR:crash_report_exception_handler.cc(111)] WriteEverything failed
[0717/202309.495:ERROR:scoped_process_suspend.cc(38)] NtResumeProcess: 已尝试访问正在退出的过程。  (0xc000010a)
