f:\s2\c语言\hello world\hello world\hello world\debug\vc140.pdb
f:\s2\c语言\hello world\hello world\hello world\debug\vc140.idb
f:\s2\c语言\hello world\hello world\hello world\debug\chuquan.nativecodeanalysis.xml
f:\s2\c语言\hello world\hello world\hello world\debug\chuquan.obj
f:\s2\c语言\hello world\hello world\hello world\debug\jusephus.obj
f:\s2\c语言\hello world\hello world\hello world\debug\studentmis.obj
f:\s2\c语言\hello world\hello world\hello world\debug\20160413_studentmis.obj
f:\s2\c语言\hello world\hello world\hello world\debug\struct.obj
f:\s2\c语言\hello world\hello world\hello world\debug\atm.obj
f:\s2\c语言\hello world\hello world\hello world\debug\20160428_swap.obj
f:\s2\c语言\hello world\hello world\hello world\debug\20160429_studentmis2.0.obj
f:\s2\c语言\hello world\hello world\hello world\debug\20160413_studentmis1.0.obj
f:\s2\c语言\hello world\hello world\debug\a^b.ilk
f:\s2\c语言\hello world\hello world\debug\a^b.exe
f:\s2\c语言\hello world\hello world\debug\a^b.pdb
f:\s2\c语言\hello world\hello world\hello world\debug\nativecodeanalysis.read.1.tlog
f:\s2\c语言\hello world\hello world\hello world\debug\vc.nativecodeanalysis.all.xml
f:\s2\c语言\hello world\hello world\debug\a^b.exe.lastcodeanalysissucceeded
f:\s2\c语言\hello world\hello world\hello world\debug\a^b.tlog\cl.command.1.tlog
f:\s2\c语言\hello world\hello world\hello world\debug\a^b.tlog\cl.read.1.tlog
f:\s2\c语言\hello world\hello world\hello world\debug\a^b.tlog\cl.write.1.tlog
f:\s2\c语言\hello world\hello world\hello world\debug\a^b.tlog\link.command.1.tlog
f:\s2\c语言\hello world\hello world\hello world\debug\a^b.tlog\link.read.1.tlog
f:\s2\c语言\hello world\hello world\hello world\debug\a^b.tlog\link.write.1.tlog
